2024-05-18T00:00:13.746+03:00  INFO 15198 --- [restartedMain] com.example.apihell.ApiHellApplication   : Starting ApiHellApplication using Java 21.0.2 with PID 15198 (/home/myra/pnajava/target/classes started by myra in /home/myra/pnajava)
2024-05-18T00:00:13.768+03:00  INFO 15198 --- [restartedMain] com.example.apihell.ApiHellApplication   : No active profile set, falling back to 1 default profile: "default"
2024-05-18T00:00:13.819+03:00  INFO 15198 --- [restartedMain] .e.DevToolsPropertyDefaultsPostProcessor : Devtools property defaults active! Set 'spring.devtools.add-properties' to 'false' to disable
2024-05-18T00:00:13.822+03:00  INFO 15198 --- [restartedMain] .e.DevToolsPropertyDefaultsPostProcessor : For additional web related logging consider setting the 'logging.level.web' property to 'DEBUG'
2024-05-18T00:00:14.764+03:00  INFO 15198 --- [restartedMain] .s.d.r.c.RepositoryConfigurationDelegate : Bootstrapping Spring Data JPA repositories in DEFAULT mode.
2024-05-18T00:00:14.805+03:00  INFO 15198 --- [restartedMain] .s.d.r.c.RepositoryConfigurationDelegate : Finished Spring Data repository scanning in 37 ms. Found 6 JPA repository interfaces.
2024-05-18T00:00:15.047+03:00  WARN 15198 --- [restartedMain] trationDelegate$BeanPostProcessorChecker : Bean 'org.springframework.ws.config.annotation.DelegatingWsConfiguration' of type [org.springframework.ws.config.annotation.DelegatingWsConfiguration$$SpringCGLIB$$0] is not eligible for getting processed by all BeanPostProcessors (for example: not eligible for auto-proxying). The currently created BeanPostProcessor [annotationActionEndpointMapping] is declared through a non-static factory method on that class; consider declaring it as static instead.
2024-05-18T00:00:15.090+03:00  WARN 15198 --- [restartedMain] o.s.xml.DocumentBuilderFactoryUtils      : http://javax.xml.XMLConstants/property/accessExternalDTD property not supported by org.apache.xerces.jaxp.DocumentBuilderFactoryImpl
2024-05-18T00:00:15.091+03:00  WARN 15198 --- [restartedMain] o.s.xml.DocumentBuilderFactoryUtils      : http://javax.xml.XMLConstants/property/accessExternalSchema property not supported by org.apache.xerces.jaxp.DocumentBuilderFactoryImpl
2024-05-18T00:00:15.103+03:00  INFO 15198 --- [restartedMain] .w.s.a.s.AnnotationActionEndpointMapping : Supporting [WS-Addressing August 2004, WS-Addressing 1.0]
2024-05-18T00:00:15.515+03:00  INFO 15198 --- [restartedMain] o.s.b.w.embedded.tomcat.TomcatWebServer  : Tomcat initialized with port 8080 (http)
2024-05-18T00:00:15.518+03:00  INFO 15198 --- [restartedMain] o.a.catalina.core.AprLifecycleListener   : An older version [1.2.36] of the Apache Tomcat Native library is installed, while Tomcat recommends a minimum version of [2.0.5]
2024-05-18T00:00:15.518+03:00  INFO 15198 --- [restartedMain] o.a.catalina.core.AprLifecycleListener   : Loaded Apache Tomcat Native library [1.2.36] using APR version [1.7.3].
2024-05-18T00:00:15.520+03:00  INFO 15198 --- [restartedMain] o.a.catalina.core.AprLifecycleListener   : OpenSSL successfully initialized [OpenSSL 3.1.1 30 May 2023]
2024-05-18T00:00:15.525+03:00  INFO 15198 --- [restartedMain] o.apache.catalina.core.StandardService   : Starting service [Tomcat]
2024-05-18T00:00:15.525+03:00  INFO 15198 --- [restartedMain] o.apache.catalina.core.StandardEngine    : Starting Servlet engine: [Apache Tomcat/10.1.18]
2024-05-18T00:00:15.551+03:00  INFO 15198 --- [restartedMain] o.a.c.c.C.[Tomcat].[localhost].[/]       : Initializing Spring embedded WebApplicationContext
2024-05-18T00:00:15.552+03:00  INFO 15198 --- [restartedMain] w.s.c.ServletWebServerApplicationContext : Root WebApplicationContext: initialization completed in 1682 ms
2024-05-18T00:00:15.765+03:00  INFO 15198 --- [restartedMain] o.hibernate.jpa.internal.util.LogHelper  : HHH000204: Processing PersistenceUnitInfo [name: default]
2024-05-18T00:00:15.798+03:00  INFO 15198 --- [restartedMain] org.hibernate.Version                    : HHH000412: Hibernate ORM core version 6.4.1.Final
2024-05-18T00:00:15.820+03:00  INFO 15198 --- [restartedMain] o.h.c.internal.RegionFactoryInitiator    : HHH000026: Second-level cache disabled
2024-05-18T00:00:16.016+03:00  INFO 15198 --- [restartedMain] o.s.o.j.p.SpringPersistenceUnitInfo      : No LoadTimeWeaver setup: ignoring JPA class transformer
2024-05-18T00:00:16.047+03:00  INFO 15198 --- [restartedMain] com.zaxxer.hikari.HikariDataSource       : HikariPool-1 - Starting...
2024-05-18T00:00:16.156+03:00  INFO 15198 --- [restartedMain] com.zaxxer.hikari.pool.HikariPool        : HikariPool-1 - Added connection org.postgresql.jdbc.PgConnection@32059ab5
2024-05-18T00:00:16.158+03:00  INFO 15198 --- [restartedMain] com.zaxxer.hikari.HikariDataSource       : HikariPool-1 - Start completed.
2024-05-18T00:00:17.478+03:00  INFO 15198 --- [restartedMain] o.h.e.t.j.p.i.JtaPlatformInitiator       : HHH000489: No JTA platform available (set 'hibernate.transaction.jta.platform' to enable JTA platform integration)
2024-05-18T00:00:17.593+03:00  INFO 15198 --- [restartedMain] j.LocalContainerEntityManagerFactoryBean : Initialized JPA EntityManagerFactory for persistence unit 'default'
2024-05-18T00:00:18.342+03:00  INFO 15198 --- [restartedMain] o.s.d.j.r.query.QueryEnhancerFactory     : Hibernate is in classpath; If applicable, HQL parser will be used.
2024-05-18T00:00:18.562+03:00  WARN 15198 --- [restartedMain] JpaBaseConfiguration$JpaWebConfiguration : spring.jpa.open-in-view is enabled by default. Therefore, database queries may be performed during view rendering. Explicitly configure spring.jpa.open-in-view to disable this warning
2024-05-18T00:00:19.519+03:00  WARN 15198 --- [restartedMain] o.s.x.transform.TransformerFactoryUtils  : http://javax.xml.XMLConstants/property/accessExternalDTD property not supported by net.sf.saxon.TransformerFactoryImpl
2024-05-18T00:00:19.519+03:00  WARN 15198 --- [restartedMain] o.s.x.transform.TransformerFactoryUtils  : http://javax.xml.XMLConstants/property/accessExternalStylesheet property not supported by net.sf.saxon.TransformerFactoryImpl
2024-05-18T00:00:19.559+03:00  INFO 15198 --- [restartedMain] o.s.b.d.a.OptionalLiveReloadServer       : LiveReload server is running on port 35729
2024-05-18T00:00:19.606+03:00  INFO 15198 --- [restartedMain] o.s.b.w.embedded.tomcat.TomcatWebServer  : Tomcat started on port 8080 (http) with context path ''
2024-05-18T00:00:19.615+03:00  INFO 15198 --- [restartedMain] o.s.s.config.TaskSchedulerRouter         : No TaskScheduler/ScheduledExecutorService bean found for scheduled processing
2024-05-18T00:00:19.618+03:00  INFO 15198 --- [restartedMain] com.example.apihell.ApiHellApplication   : Started ApiHellApplication in 6.447 seconds (process running for 7.371)
2024-05-18T00:00:21.664+03:00  INFO 15198 --- [http-nio-8080-exec-1] o.a.c.c.C.[Tomcat].[localhost].[/]       : Initializing Spring DispatcherServlet 'dispatcherServlet'
2024-05-18T00:00:21.664+03:00  INFO 15198 --- [http-nio-8080-exec-1] o.s.web.servlet.DispatcherServlet        : Initializing Servlet 'dispatcherServlet'
2024-05-18T00:00:21.665+03:00  INFO 15198 --- [http-nio-8080-exec-1] o.s.web.servlet.DispatcherServlet        : Completed initialization in 1 ms
2024-05-18T00:00:21.738+03:00  INFO 15198 --- [http-nio-8080-exec-1] c.e.apihell.components.LoggingAspect     : Service method invoked - Class: com.example.apihell.service.CounterService, Method: incrementAndGet, Args: []
2024-05-18T00:00:21.739+03:00  INFO 15198 --- [http-nio-8080-exec-1] c.e.apihell.components.LoggingAspect     : Counter = 1
2024-05-18T00:00:21.739+03:00  INFO 15198 --- [http-nio-8080-exec-1] c.e.apihell.components.LoggingAspect     : Service method invoked - Class: com.example.apihell.service.implementations.StudentServiceImpl, Method: getAllStudents, Args: []
2024-05-18T00:00:21.741+03:00 ERROR 15198 --- [http-nio-8080-exec-1] c.e.a.components.ControllerAdvisor       : error 500
2024-05-18T00:00:21.751+03:00  WARN 15198 --- [http-nio-8080-exec-1] .m.m.a.ExceptionHandlerExceptionResolver : Resolved [java.lang.NullPointerException: Cannot invoke "java.util.List.isEmpty()" because "students" is null]
2024-05-18T00:00:52.242+03:00  INFO 15198 --- [SpringApplicationShutdownHook] .s.m.e.c.DefaultEventPublicationRegistry : No publications outstanding!
2024-05-18T00:00:52.245+03:00  INFO 15198 --- [SpringApplicationShutdownHook] j.LocalContainerEntityManagerFactoryBean : Closing JPA EntityManagerFactory for persistence unit 'default'
2024-05-18T00:00:52.248+03:00  INFO 15198 --- [SpringApplicationShutdownHook] com.zaxxer.hikari.HikariDataSource       : HikariPool-1 - Shutdown initiated...
2024-05-18T00:00:52.251+03:00  INFO 15198 --- [SpringApplicationShutdownHook] com.zaxxer.hikari.HikariDataSource       : HikariPool-1 - Shutdown completed.
2024-05-18T00:00:56.477+03:00  INFO 15412 --- [restartedMain] com.example.apihell.ApiHellApplication   : Starting ApiHellApplication using Java 21.0.2 with PID 15412 (/home/myra/pnajava/target/classes started by myra in /home/myra/pnajava)
2024-05-18T00:00:56.479+03:00  INFO 15412 --- [restartedMain] com.example.apihell.ApiHellApplication   : No active profile set, falling back to 1 default profile: "default"
2024-05-18T00:00:56.520+03:00  INFO 15412 --- [restartedMain] .e.DevToolsPropertyDefaultsPostProcessor : Devtools property defaults active! Set 'spring.devtools.add-properties' to 'false' to disable
2024-05-18T00:00:56.520+03:00  INFO 15412 --- [restartedMain] .e.DevToolsPropertyDefaultsPostProcessor : For additional web related logging consider setting the 'logging.level.web' property to 'DEBUG'
2024-05-18T00:00:57.259+03:00  INFO 15412 --- [restartedMain] .s.d.r.c.RepositoryConfigurationDelegate : Bootstrapping Spring Data JPA repositories in DEFAULT mode.
2024-05-18T00:00:57.301+03:00  INFO 15412 --- [restartedMain] .s.d.r.c.RepositoryConfigurationDelegate : Finished Spring Data repository scanning in 38 ms. Found 6 JPA repository interfaces.
2024-05-18T00:00:57.534+03:00  WARN 15412 --- [restartedMain] trationDelegate$BeanPostProcessorChecker : Bean 'org.springframework.ws.config.annotation.DelegatingWsConfiguration' of type [org.springframework.ws.config.annotation.DelegatingWsConfiguration$$SpringCGLIB$$0] is not eligible for getting processed by all BeanPostProcessors (for example: not eligible for auto-proxying). The currently created BeanPostProcessor [annotationActionEndpointMapping] is declared through a non-static factory method on that class; consider declaring it as static instead.
2024-05-18T00:00:57.575+03:00  WARN 15412 --- [restartedMain] o.s.xml.DocumentBuilderFactoryUtils      : http://javax.xml.XMLConstants/property/accessExternalDTD property not supported by org.apache.xerces.jaxp.DocumentBuilderFactoryImpl
2024-05-18T00:00:57.575+03:00  WARN 15412 --- [restartedMain] o.s.xml.DocumentBuilderFactoryUtils      : http://javax.xml.XMLConstants/property/accessExternalSchema property not supported by org.apache.xerces.jaxp.DocumentBuilderFactoryImpl
2024-05-18T00:00:57.586+03:00  INFO 15412 --- [restartedMain] .w.s.a.s.AnnotationActionEndpointMapping : Supporting [WS-Addressing August 2004, WS-Addressing 1.0]
2024-05-18T00:00:57.951+03:00  INFO 15412 --- [restartedMain] o.s.b.w.embedded.tomcat.TomcatWebServer  : Tomcat initialized with port 8080 (http)
2024-05-18T00:00:57.954+03:00  INFO 15412 --- [restartedMain] o.a.catalina.core.AprLifecycleListener   : An older version [1.2.36] of the Apache Tomcat Native library is installed, while Tomcat recommends a minimum version of [2.0.5]
2024-05-18T00:00:57.954+03:00  INFO 15412 --- [restartedMain] o.a.catalina.core.AprLifecycleListener   : Loaded Apache Tomcat Native library [1.2.36] using APR version [1.7.3].
2024-05-18T00:00:57.960+03:00  INFO 15412 --- [restartedMain] o.a.catalina.core.AprLifecycleListener   : OpenSSL successfully initialized [OpenSSL 3.1.1 30 May 2023]
2024-05-18T00:00:57.965+03:00  INFO 15412 --- [restartedMain] o.apache.catalina.core.StandardService   : Starting service [Tomcat]
2024-05-18T00:00:57.965+03:00  INFO 15412 --- [restartedMain] o.apache.catalina.core.StandardEngine    : Starting Servlet engine: [Apache Tomcat/10.1.18]
2024-05-18T00:00:57.990+03:00  INFO 15412 --- [restartedMain] o.a.c.c.C.[Tomcat].[localhost].[/]       : Initializing Spring embedded WebApplicationContext
2024-05-18T00:00:57.991+03:00  INFO 15412 --- [restartedMain] w.s.c.ServletWebServerApplicationContext : Root WebApplicationContext: initialization completed in 1429 ms
2024-05-18T00:00:58.178+03:00  INFO 15412 --- [restartedMain] o.hibernate.jpa.internal.util.LogHelper  : HHH000204: Processing PersistenceUnitInfo [name: default]
2024-05-18T00:00:58.210+03:00  INFO 15412 --- [restartedMain] org.hibernate.Version                    : HHH000412: Hibernate ORM core version 6.4.1.Final
2024-05-18T00:00:58.230+03:00  INFO 15412 --- [restartedMain] o.h.c.internal.RegionFactoryInitiator    : HHH000026: Second-level cache disabled
2024-05-18T00:00:58.342+03:00  INFO 15412 --- [restartedMain] o.s.o.j.p.SpringPersistenceUnitInfo      : No LoadTimeWeaver setup: ignoring JPA class transformer
2024-05-18T00:00:58.356+03:00  INFO 15412 --- [restartedMain] com.zaxxer.hikari.HikariDataSource       : HikariPool-1 - Starting...
2024-05-18T00:00:58.418+03:00  INFO 15412 --- [restartedMain] com.zaxxer.hikari.pool.HikariPool        : HikariPool-1 - Added connection org.postgresql.jdbc.PgConnection@77426e78
2024-05-18T00:00:58.419+03:00  INFO 15412 --- [restartedMain] com.zaxxer.hikari.HikariDataSource       : HikariPool-1 - Start completed.
2024-05-18T00:00:59.048+03:00  INFO 15412 --- [restartedMain] o.h.e.t.j.p.i.JtaPlatformInitiator       : HHH000489: No JTA platform available (set 'hibernate.transaction.jta.platform' to enable JTA platform integration)
2024-05-18T00:00:59.121+03:00  INFO 15412 --- [restartedMain] j.LocalContainerEntityManagerFactoryBean : Initialized JPA EntityManagerFactory for persistence unit 'default'
2024-05-18T00:00:59.689+03:00  INFO 15412 --- [restartedMain] o.s.d.j.r.query.QueryEnhancerFactory     : Hibernate is in classpath; If applicable, HQL parser will be used.
2024-05-18T00:00:59.919+03:00  WARN 15412 --- [restartedMain] JpaBaseConfiguration$JpaWebConfiguration : spring.jpa.open-in-view is enabled by default. Therefore, database queries may be performed during view rendering. Explicitly configure spring.jpa.open-in-view to disable this warning
2024-05-18T00:01:00.870+03:00  WARN 15412 --- [restartedMain] o.s.x.transform.TransformerFactoryUtils  : http://javax.xml.XMLConstants/property/accessExternalDTD property not supported by net.sf.saxon.TransformerFactoryImpl
2024-05-18T00:01:00.871+03:00  WARN 15412 --- [restartedMain] o.s.x.transform.TransformerFactoryUtils  : http://javax.xml.XMLConstants/property/accessExternalStylesheet property not supported by net.sf.saxon.TransformerFactoryImpl
2024-05-18T00:01:00.908+03:00  INFO 15412 --- [restartedMain] o.s.b.d.a.OptionalLiveReloadServer       : LiveReload server is running on port 35729
2024-05-18T00:01:00.963+03:00  INFO 15412 --- [restartedMain] o.s.b.w.embedded.tomcat.TomcatWebServer  : Tomcat started on port 8080 (http) with context path ''
2024-05-18T00:01:00.971+03:00  INFO 15412 --- [restartedMain] o.s.s.config.TaskSchedulerRouter         : No TaskScheduler/ScheduledExecutorService bean found for scheduled processing
2024-05-18T00:01:00.974+03:00  INFO 15412 --- [restartedMain] com.example.apihell.ApiHellApplication   : Started ApiHellApplication in 4.875 seconds (process running for 5.608)
2024-05-18T00:01:07.189+03:00  INFO 15412 --- [http-nio-8080-exec-1] o.a.c.c.C.[Tomcat].[localhost].[/]       : Initializing Spring DispatcherServlet 'dispatcherServlet'
2024-05-18T00:01:07.189+03:00  INFO 15412 --- [http-nio-8080-exec-1] o.s.web.servlet.DispatcherServlet        : Initializing Servlet 'dispatcherServlet'
2024-05-18T00:01:07.190+03:00  INFO 15412 --- [http-nio-8080-exec-1] o.s.web.servlet.DispatcherServlet        : Completed initialization in 1 ms
2024-05-18T00:01:07.263+03:00  INFO 15412 --- [http-nio-8080-exec-1] c.e.apihell.components.LoggingAspect     : Service method invoked - Class: com.example.apihell.service.CounterService, Method: incrementAndGet, Args: []
2024-05-18T00:01:07.264+03:00  INFO 15412 --- [http-nio-8080-exec-1] c.e.apihell.components.LoggingAspect     : Counter = 1
2024-05-18T00:01:07.264+03:00  INFO 15412 --- [http-nio-8080-exec-1] c.e.apihell.components.LoggingAspect     : Service method invoked - Class: com.example.apihell.service.implementations.StudentServiceImpl, Method: getAllStudents, Args: []
2024-05-18T00:01:11.968+03:00  INFO 15412 --- [http-nio-8080-exec-2] c.e.apihell.components.LoggingAspect     : Service method invoked - Class: com.example.apihell.service.CounterService, Method: incrementAndGet, Args: []
2024-05-18T00:01:11.968+03:00  INFO 15412 --- [http-nio-8080-exec-2] c.e.apihell.components.LoggingAspect     : Counter = 2
2024-05-18T00:01:11.968+03:00  INFO 15412 --- [http-nio-8080-exec-2] c.e.apihell.components.LoggingAspect     : Service method invoked - Class: com.example.apihell.service.implementations.StudentServiceImpl, Method: getAllStudents, Args: []
2024-05-18T00:02:07.031+03:00  INFO 15412 --- [SpringApplicationShutdownHook] .s.m.e.c.DefaultEventPublicationRegistry : No publications outstanding!
2024-05-18T00:02:07.034+03:00  INFO 15412 --- [SpringApplicationShutdownHook] j.LocalContainerEntityManagerFactoryBean : Closing JPA EntityManagerFactory for persistence unit 'default'
2024-05-18T00:02:07.039+03:00  INFO 15412 --- [SpringApplicationShutdownHook] com.zaxxer.hikari.HikariDataSource       : HikariPool-1 - Shutdown initiated...
2024-05-18T00:02:07.043+03:00  INFO 15412 --- [SpringApplicationShutdownHook] com.zaxxer.hikari.HikariDataSource       : HikariPool-1 - Shutdown completed.
2024-05-18T00:02:10.914+03:00  INFO 15642 --- [restartedMain] com.example.apihell.ApiHellApplication   : Starting ApiHellApplication using Java 21.0.2 with PID 15642 (/home/myra/pnajava/target/classes started by myra in /home/myra/pnajava)
2024-05-18T00:02:10.918+03:00  INFO 15642 --- [restartedMain] com.example.apihell.ApiHellApplication   : No active profile set, falling back to 1 default profile: "default"
2024-05-18T00:02:11.008+03:00  INFO 15642 --- [restartedMain] .e.DevToolsPropertyDefaultsPostProcessor : Devtools property defaults active! Set 'spring.devtools.add-properties' to 'false' to disable
2024-05-18T00:02:11.008+03:00  INFO 15642 --- [restartedMain] .e.DevToolsPropertyDefaultsPostProcessor : For additional web related logging consider setting the 'logging.level.web' property to 'DEBUG'
2024-05-18T00:02:11.636+03:00  INFO 15642 --- [restartedMain] .s.d.r.c.RepositoryConfigurationDelegate : Bootstrapping Spring Data JPA repositories in DEFAULT mode.
2024-05-18T00:02:11.676+03:00  INFO 15642 --- [restartedMain] .s.d.r.c.RepositoryConfigurationDelegate : Finished Spring Data repository scanning in 36 ms. Found 6 JPA repository interfaces.
2024-05-18T00:02:11.911+03:00  WARN 15642 --- [restartedMain] trationDelegate$BeanPostProcessorChecker : Bean 'org.springframework.ws.config.annotation.DelegatingWsConfiguration' of type [org.springframework.ws.config.annotation.DelegatingWsConfiguration$$SpringCGLIB$$0] is not eligible for getting processed by all BeanPostProcessors (for example: not eligible for auto-proxying). The currently created BeanPostProcessor [annotationActionEndpointMapping] is declared through a non-static factory method on that class; consider declaring it as static instead.
2024-05-18T00:02:11.955+03:00  WARN 15642 --- [restartedMain] o.s.xml.DocumentBuilderFactoryUtils      : http://javax.xml.XMLConstants/property/accessExternalDTD property not supported by org.apache.xerces.jaxp.DocumentBuilderFactoryImpl
2024-05-18T00:02:11.956+03:00  WARN 15642 --- [restartedMain] o.s.xml.DocumentBuilderFactoryUtils      : http://javax.xml.XMLConstants/property/accessExternalSchema property not supported by org.apache.xerces.jaxp.DocumentBuilderFactoryImpl
2024-05-18T00:02:11.970+03:00  INFO 15642 --- [restartedMain] .w.s.a.s.AnnotationActionEndpointMapping : Supporting [WS-Addressing August 2004, WS-Addressing 1.0]
2024-05-18T00:02:12.418+03:00  INFO 15642 --- [restartedMain] o.s.b.w.embedded.tomcat.TomcatWebServer  : Tomcat initialized with port 8080 (http)
2024-05-18T00:02:12.421+03:00  INFO 15642 --- [restartedMain] o.a.catalina.core.AprLifecycleListener   : An older version [1.2.36] of the Apache Tomcat Native library is installed, while Tomcat recommends a minimum version of [2.0.5]
2024-05-18T00:02:12.421+03:00  INFO 15642 --- [restartedMain] o.a.catalina.core.AprLifecycleListener   : Loaded Apache Tomcat Native library [1.2.36] using APR version [1.7.3].
2024-05-18T00:02:12.424+03:00  INFO 15642 --- [restartedMain] o.a.catalina.core.AprLifecycleListener   : OpenSSL successfully initialized [OpenSSL 3.1.1 30 May 2023]
2024-05-18T00:02:12.430+03:00  INFO 15642 --- [restartedMain] o.apache.catalina.core.StandardService   : Starting service [Tomcat]
2024-05-18T00:02:12.430+03:00  INFO 15642 --- [restartedMain] o.apache.catalina.core.StandardEngine    : Starting Servlet engine: [Apache Tomcat/10.1.18]
2024-05-18T00:02:12.461+03:00  INFO 15642 --- [restartedMain] o.a.c.c.C.[Tomcat].[localhost].[/]       : Initializing Spring embedded WebApplicationContext
2024-05-18T00:02:12.461+03:00  INFO 15642 --- [restartedMain] w.s.c.ServletWebServerApplicationContext : Root WebApplicationContext: initialization completed in 1431 ms
2024-05-18T00:02:12.649+03:00  INFO 15642 --- [restartedMain] o.hibernate.jpa.internal.util.LogHelper  : HHH000204: Processing PersistenceUnitInfo [name: default]
2024-05-18T00:02:12.684+03:00  INFO 15642 --- [restartedMain] org.hibernate.Version                    : HHH000412: Hibernate ORM core version 6.4.1.Final
2024-05-18T00:02:12.705+03:00  INFO 15642 --- [restartedMain] o.h.c.internal.RegionFactoryInitiator    : HHH000026: Second-level cache disabled
2024-05-18T00:02:12.844+03:00  INFO 15642 --- [restartedMain] o.s.o.j.p.SpringPersistenceUnitInfo      : No LoadTimeWeaver setup: ignoring JPA class transformer
2024-05-18T00:02:12.862+03:00  INFO 15642 --- [restartedMain] com.zaxxer.hikari.HikariDataSource       : HikariPool-1 - Starting...
2024-05-18T00:02:12.920+03:00  INFO 15642 --- [restartedMain] com.zaxxer.hikari.pool.HikariPool        : HikariPool-1 - Added connection org.postgresql.jdbc.PgConnection@77e565ee
2024-05-18T00:02:12.921+03:00  INFO 15642 --- [restartedMain] com.zaxxer.hikari.HikariDataSource       : HikariPool-1 - Start completed.
2024-05-18T00:02:13.650+03:00  INFO 15642 --- [restartedMain] o.h.e.t.j.p.i.JtaPlatformInitiator       : HHH000489: No JTA platform available (set 'hibernate.transaction.jta.platform' to enable JTA platform integration)
2024-05-18T00:02:13.732+03:00  INFO 15642 --- [restartedMain] j.LocalContainerEntityManagerFactoryBean : Initialized JPA EntityManagerFactory for persistence unit 'default'
2024-05-18T00:02:14.403+03:00  INFO 15642 --- [restartedMain] o.s.d.j.r.query.QueryEnhancerFactory     : Hibernate is in classpath; If applicable, HQL parser will be used.
2024-05-18T00:02:14.659+03:00  WARN 15642 --- [restartedMain] JpaBaseConfiguration$JpaWebConfiguration : spring.jpa.open-in-view is enabled by default. Therefore, database queries may be performed during view rendering. Explicitly configure spring.jpa.open-in-view to disable this warning
2024-05-18T00:02:16.128+03:00  WARN 15642 --- [restartedMain] o.s.x.transform.TransformerFactoryUtils  : http://javax.xml.XMLConstants/property/accessExternalDTD property not supported by net.sf.saxon.TransformerFactoryImpl
2024-05-18T00:02:16.129+03:00  WARN 15642 --- [restartedMain] o.s.x.transform.TransformerFactoryUtils  : http://javax.xml.XMLConstants/property/accessExternalStylesheet property not supported by net.sf.saxon.TransformerFactoryImpl
2024-05-18T00:02:16.181+03:00  INFO 15642 --- [restartedMain] o.s.b.d.a.OptionalLiveReloadServer       : LiveReload server is running on port 35729
2024-05-18T00:02:16.246+03:00  INFO 15642 --- [restartedMain] o.s.b.w.embedded.tomcat.TomcatWebServer  : Tomcat started on port 8080 (http) with context path ''
2024-05-18T00:02:16.261+03:00  INFO 15642 --- [restartedMain] o.s.s.config.TaskSchedulerRouter         : No TaskScheduler/ScheduledExecutorService bean found for scheduled processing
2024-05-18T00:02:16.307+03:00  INFO 15642 --- [restartedMain] com.example.apihell.ApiHellApplication   : Started ApiHellApplication in 5.78 seconds (process running for 6.49)
2024-05-18T00:02:23.569+03:00  INFO 15642 --- [http-nio-8080-exec-1] o.a.c.c.C.[Tomcat].[localhost].[/]       : Initializing Spring DispatcherServlet 'dispatcherServlet'
2024-05-18T00:02:23.569+03:00  INFO 15642 --- [http-nio-8080-exec-1] o.s.web.servlet.DispatcherServlet        : Initializing Servlet 'dispatcherServlet'
2024-05-18T00:02:23.571+03:00  INFO 15642 --- [http-nio-8080-exec-1] o.s.web.servlet.DispatcherServlet        : Completed initialization in 2 ms
2024-05-18T00:02:23.649+03:00  INFO 15642 --- [http-nio-8080-exec-1] c.e.apihell.components.LoggingAspect     : Service method invoked - Class: com.example.apihell.service.CounterService, Method: incrementAndGet, Args: []
2024-05-18T00:02:23.649+03:00  INFO 15642 --- [http-nio-8080-exec-1] c.e.apihell.components.LoggingAspect     : Counter = 1
2024-05-18T00:02:23.649+03:00  INFO 15642 --- [http-nio-8080-exec-1] c.e.apihell.components.LoggingAspect     : Service method invoked - Class: com.example.apihell.service.implementations.StudentServiceImpl, Method: getAllStudents, Args: []
2024-05-18T00:02:25.693+03:00  INFO 15642 --- [http-nio-8080-exec-2] c.e.apihell.components.LoggingAspect     : Service method invoked - Class: com.example.apihell.service.CounterService, Method: incrementAndGet, Args: []
2024-05-18T00:02:25.693+03:00  INFO 15642 --- [http-nio-8080-exec-2] c.e.apihell.components.LoggingAspect     : Counter = 2
2024-05-18T00:02:25.693+03:00  INFO 15642 --- [http-nio-8080-exec-2] c.e.apihell.components.LoggingAspect     : Service method invoked - Class: com.example.apihell.service.implementations.StudentServiceImpl, Method: getAllStudents, Args: []
2024-05-18T00:02:34.711+03:00  INFO 15642 --- [http-nio-8080-exec-3] c.e.apihell.components.LoggingAspect     : Service method invoked - Class: com.example.apihell.service.CounterService, Method: incrementAndGet, Args: []
2024-05-18T00:02:34.712+03:00  INFO 15642 --- [http-nio-8080-exec-3] c.e.apihell.components.LoggingAspect     : Counter = 3
2024-05-18T00:02:34.712+03:00  INFO 15642 --- [http-nio-8080-exec-3] c.e.apihell.components.LoggingAspect     : Service method invoked - Class: com.example.apihell.service.implementations.StudentServiceImpl, Method: getAllStudents, Args: []
2024-05-18T00:02:45.833+03:00  INFO 15642 --- [http-nio-8080-exec-4] c.e.apihell.components.LoggingAspect     : Service method invoked - Class: com.example.apihell.service.CounterService, Method: incrementAndGet, Args: []
2024-05-18T00:02:45.834+03:00  INFO 15642 --- [http-nio-8080-exec-4] c.e.apihell.components.LoggingAspect     : Counter = 4
2024-05-18T00:02:45.834+03:00  INFO 15642 --- [http-nio-8080-exec-4] c.e.apihell.components.LoggingAspect     : Service method invoked - Class: com.example.apihell.service.implementations.GroupServiceImpl, Method: findAll, Args: []
2024-05-18T00:02:47.765+03:00  INFO 15642 --- [http-nio-8080-exec-5] c.e.apihell.components.LoggingAspect     : Service method invoked - Class: com.example.apihell.service.CounterService, Method: incrementAndGet, Args: []
2024-05-18T00:02:47.765+03:00  INFO 15642 --- [http-nio-8080-exec-5] c.e.apihell.components.LoggingAspect     : Counter = 5
2024-05-18T00:02:47.765+03:00  INFO 15642 --- [http-nio-8080-exec-5] c.e.apihell.components.LoggingAspect     : Service method invoked - Class: com.example.apihell.service.implementations.GroupServiceImpl, Method: findAll, Args: []
2024-05-18T00:02:51.337+03:00  INFO 15642 --- [http-nio-8080-exec-7] c.e.apihell.components.LoggingAspect     : Service method invoked - Class: com.example.apihell.service.CounterService, Method: incrementAndGet, Args: []
2024-05-18T00:02:51.337+03:00  INFO 15642 --- [http-nio-8080-exec-7] c.e.apihell.components.LoggingAspect     : Counter = 6
2024-05-18T00:02:51.337+03:00  INFO 15642 --- [http-nio-8080-exec-7] c.e.apihell.components.LoggingAspect     : Service method invoked - Class: com.example.apihell.service.implementations.ProfessorServiceImpl, Method: getAllProfessors, Args: []
2024-05-18T00:02:53.979+03:00  INFO 15642 --- [http-nio-8080-exec-8] c.e.apihell.components.LoggingAspect     : Service method invoked - Class: com.example.apihell.service.CounterService, Method: incrementAndGet, Args: []
2024-05-18T00:02:53.979+03:00  INFO 15642 --- [http-nio-8080-exec-8] c.e.apihell.components.LoggingAspect     : Counter = 7
2024-05-18T00:02:53.979+03:00  INFO 15642 --- [http-nio-8080-exec-8] c.e.apihell.components.LoggingAspect     : Service method invoked - Class: com.example.apihell.service.implementations.ProfessorServiceImpl, Method: getAllProfessors, Args: []
2024-05-18T00:03:05.583+03:00  INFO 15642 --- [http-nio-8080-exec-9] c.e.apihell.components.LoggingAspect     : Service method invoked - Class: com.example.apihell.service.CounterService, Method: incrementAndGet, Args: []
2024-05-18T00:03:05.583+03:00  INFO 15642 --- [http-nio-8080-exec-9] c.e.apihell.components.LoggingAspect     : Counter = 8
2024-05-18T00:03:05.583+03:00  INFO 15642 --- [http-nio-8080-exec-9] c.e.apihell.components.LoggingAspect     : Service method invoked - Class: com.example.apihell.service.implementations.StudentServiceImpl, Method: getAllStudents, Args: []
2024-05-18T00:03:14.812+03:00  INFO 15642 --- [http-nio-8080-exec-10] c.e.apihell.components.LoggingAspect     : Service method invoked - Class: com.example.apihell.service.CounterService, Method: incrementAndGet, Args: []
2024-05-18T00:03:14.812+03:00  INFO 15642 --- [http-nio-8080-exec-10] c.e.apihell.components.LoggingAspect     : Counter = 9
2024-05-18T00:03:14.813+03:00  INFO 15642 --- [http-nio-8080-exec-10] c.e.apihell.components.LoggingAspect     : Service method invoked - Class: com.example.apihell.service.implementations.StudentServiceImpl, Method: getAllStudents, Args: []
2024-05-18T00:03:18.389+03:00  INFO 15642 --- [http-nio-8080-exec-1] c.e.apihell.components.LoggingAspect     : Service method invoked - Class: com.example.apihell.service.CounterService, Method: incrementAndGet, Args: []
2024-05-18T00:03:18.389+03:00  INFO 15642 --- [http-nio-8080-exec-1] c.e.apihell.components.LoggingAspect     : Counter = 10
2024-05-18T00:03:18.389+03:00  INFO 15642 --- [http-nio-8080-exec-1] c.e.apihell.components.LoggingAspect     : Service method invoked - Class: com.example.apihell.service.implementations.StudentServiceImpl, Method: getAllStudents, Args: []
2024-05-18T00:03:21.850+03:00  INFO 15642 --- [http-nio-8080-exec-2] c.e.apihell.components.LoggingAspect     : Service method invoked - Class: com.example.apihell.service.CounterService, Method: incrementAndGet, Args: []
2024-05-18T00:03:21.850+03:00  INFO 15642 --- [http-nio-8080-exec-2] c.e.apihell.components.LoggingAspect     : Counter = 11
2024-05-18T00:03:21.850+03:00  INFO 15642 --- [http-nio-8080-exec-2] c.e.apihell.components.LoggingAspect     : Service method invoked - Class: com.example.apihell.service.implementations.StudentServiceImpl, Method: getAllStudents, Args: []
2024-05-18T00:03:32.595+03:00  INFO 15642 --- [http-nio-8080-exec-5] c.e.apihell.components.LoggingAspect     : Service method invoked - Class: com.example.apihell.service.CounterService, Method: incrementAndGet, Args: []
2024-05-18T00:03:32.596+03:00  INFO 15642 --- [http-nio-8080-exec-5] c.e.apihell.components.LoggingAspect     : Counter = 12
2024-05-18T00:03:32.596+03:00  INFO 15642 --- [http-nio-8080-exec-5] c.e.apihell.components.LoggingAspect     : Service method invoked - Class: com.example.apihell.service.implementations.StudentServiceImpl, Method: getAllStudents, Args: []
2024-05-18T00:03:33.215+03:00  INFO 15642 --- [http-nio-8080-exec-6] c.e.apihell.components.LoggingAspect     : Service method invoked - Class: com.example.apihell.service.CounterService, Method: incrementAndGet, Args: []
2024-05-18T00:03:33.215+03:00  INFO 15642 --- [http-nio-8080-exec-6] c.e.apihell.components.LoggingAspect     : Counter = 13
2024-05-18T00:03:33.215+03:00  INFO 15642 --- [http-nio-8080-exec-6] c.e.apihell.components.LoggingAspect     : Service method invoked - Class: com.example.apihell.service.implementations.StudentServiceImpl, Method: getAllStudents, Args: []
2024-05-18T00:03:37.192+03:00  INFO 15642 --- [http-nio-8080-exec-7] c.e.apihell.components.LoggingAspect     : Service method invoked - Class: com.example.apihell.service.CounterService, Method: incrementAndGet, Args: []
2024-05-18T00:03:37.192+03:00  INFO 15642 --- [http-nio-8080-exec-7] c.e.apihell.components.LoggingAspect     : Counter = 14
2024-05-18T00:03:37.192+03:00  INFO 15642 --- [http-nio-8080-exec-7] c.e.apihell.components.LoggingAspect     : Service method invoked - Class: com.example.apihell.service.implementations.StudentServiceImpl, Method: getAllStudents, Args: []
2024-05-18T00:03:37.849+03:00  INFO 15642 --- [http-nio-8080-exec-8] c.e.apihell.components.LoggingAspect     : Service method invoked - Class: com.example.apihell.service.CounterService, Method: incrementAndGet, Args: []
2024-05-18T00:03:37.849+03:00  INFO 15642 --- [http-nio-8080-exec-8] c.e.apihell.components.LoggingAspect     : Counter = 15
2024-05-18T00:03:37.849+03:00  INFO 15642 --- [http-nio-8080-exec-8] c.e.apihell.components.LoggingAspect     : Service method invoked - Class: com.example.apihell.service.implementations.StudentServiceImpl, Method: getAllStudents, Args: []
2024-05-18T00:03:38.373+03:00  INFO 15642 --- [http-nio-8080-exec-9] c.e.apihell.components.LoggingAspect     : Service method invoked - Class: com.example.apihell.service.CounterService, Method: incrementAndGet, Args: []
2024-05-18T00:03:38.373+03:00  INFO 15642 --- [http-nio-8080-exec-9] c.e.apihell.components.LoggingAspect     : Counter = 16
2024-05-18T00:03:38.373+03:00  INFO 15642 --- [http-nio-8080-exec-9] c.e.apihell.components.LoggingAspect     : Service method invoked - Class: com.example.apihell.service.implementations.StudentServiceImpl, Method: getAllStudents, Args: []
2024-05-18T00:03:40.981+03:00  INFO 15642 --- [http-nio-8080-exec-10] c.e.apihell.components.LoggingAspect     : Service method invoked - Class: com.example.apihell.service.CounterService, Method: incrementAndGet, Args: []
2024-05-18T00:03:40.981+03:00  INFO 15642 --- [http-nio-8080-exec-10] c.e.apihell.components.LoggingAspect     : Counter = 17
2024-05-18T00:03:40.981+03:00  INFO 15642 --- [http-nio-8080-exec-10] c.e.apihell.components.LoggingAspect     : Service method invoked - Class: com.example.apihell.service.implementations.StudentServiceImpl, Method: getAllStudents, Args: []
2024-05-18T00:04:30.044+03:00  INFO 15642 --- [SpringApplicationShutdownHook] .s.m.e.c.DefaultEventPublicationRegistry : No publications outstanding!
2024-05-18T00:04:30.046+03:00  INFO 15642 --- [SpringApplicationShutdownHook] j.LocalContainerEntityManagerFactoryBean : Closing JPA EntityManagerFactory for persistence unit 'default'
2024-05-18T00:04:30.048+03:00  INFO 15642 --- [SpringApplicationShutdownHook] com.zaxxer.hikari.HikariDataSource       : HikariPool-1 - Shutdown initiated...
2024-05-18T00:04:30.050+03:00  INFO 15642 --- [SpringApplicationShutdownHook] com.zaxxer.hikari.HikariDataSource       : HikariPool-1 - Shutdown completed.
2024-05-18T09:35:20.077+03:00  INFO 3083 --- [restartedMain] com.example.apihell.ApiHellApplication   : Starting ApiHellApplication using Java 21.0.2 with PID 3083 (/home/myra/pnajava/target/classes started by myra in /home/myra/pnajava)
2024-05-18T09:35:20.079+03:00  INFO 3083 --- [restartedMain] com.example.apihell.ApiHellApplication   : No active profile set, falling back to 1 default profile: "default"
2024-05-18T09:35:20.112+03:00  INFO 3083 --- [restartedMain] .e.DevToolsPropertyDefaultsPostProcessor : Devtools property defaults active! Set 'spring.devtools.add-properties' to 'false' to disable
2024-05-18T09:35:20.112+03:00  INFO 3083 --- [restartedMain] .e.DevToolsPropertyDefaultsPostProcessor : For additional web related logging consider setting the 'logging.level.web' property to 'DEBUG'
2024-05-18T09:35:20.879+03:00  INFO 3083 --- [restartedMain] .s.d.r.c.RepositoryConfigurationDelegate : Bootstrapping Spring Data JPA repositories in DEFAULT mode.
2024-05-18T09:35:20.930+03:00  INFO 3083 --- [restartedMain] .s.d.r.c.RepositoryConfigurationDelegate : Finished Spring Data repository scanning in 41 ms. Found 6 JPA repository interfaces.
2024-05-18T09:35:21.201+03:00  WARN 3083 --- [restartedMain] trationDelegate$BeanPostProcessorChecker : Bean 'org.springframework.ws.config.annotation.DelegatingWsConfiguration' of type [org.springframework.ws.config.annotation.DelegatingWsConfiguration$$SpringCGLIB$$0] is not eligible for getting processed by all BeanPostProcessors (for example: not eligible for auto-proxying). The currently created BeanPostProcessor [annotationActionEndpointMapping] is declared through a non-static factory method on that class; consider declaring it as static instead.
2024-05-18T09:35:21.250+03:00  WARN 3083 --- [restartedMain] o.s.xml.DocumentBuilderFactoryUtils      : http://javax.xml.XMLConstants/property/accessExternalDTD property not supported by org.apache.xerces.jaxp.DocumentBuilderFactoryImpl
2024-05-18T09:35:21.251+03:00  WARN 3083 --- [restartedMain] o.s.xml.DocumentBuilderFactoryUtils      : http://javax.xml.XMLConstants/property/accessExternalSchema property not supported by org.apache.xerces.jaxp.DocumentBuilderFactoryImpl
2024-05-18T09:35:21.272+03:00  INFO 3083 --- [restartedMain] .w.s.a.s.AnnotationActionEndpointMapping : Supporting [WS-Addressing August 2004, WS-Addressing 1.0]
2024-05-18T09:35:22.093+03:00  INFO 3083 --- [restartedMain] o.s.b.w.embedded.tomcat.TomcatWebServer  : Tomcat initialized with port 8080 (http)
2024-05-18T09:35:22.100+03:00  INFO 3083 --- [restartedMain] o.a.catalina.core.AprLifecycleListener   : An older version [1.2.36] of the Apache Tomcat Native library is installed, while Tomcat recommends a minimum version of [2.0.5]
2024-05-18T09:35:22.101+03:00  INFO 3083 --- [restartedMain] o.a.catalina.core.AprLifecycleListener   : Loaded Apache Tomcat Native library [1.2.36] using APR version [1.7.3].
2024-05-18T09:35:22.108+03:00  INFO 3083 --- [restartedMain] o.a.catalina.core.AprLifecycleListener   : OpenSSL successfully initialized [OpenSSL 3.1.1 30 May 2023]
2024-05-18T09:35:22.127+03:00  INFO 3083 --- [restartedMain] o.apache.catalina.core.StandardService   : Starting service [Tomcat]
2024-05-18T09:35:22.127+03:00  INFO 3083 --- [restartedMain] o.apache.catalina.core.StandardEngine    : Starting Servlet engine: [Apache Tomcat/10.1.18]
2024-05-18T09:35:22.252+03:00  INFO 3083 --- [restartedMain] o.a.c.c.C.[Tomcat].[localhost].[/]       : Initializing Spring embedded WebApplicationContext
2024-05-18T09:35:22.253+03:00  INFO 3083 --- [restartedMain] w.s.c.ServletWebServerApplicationContext : Root WebApplicationContext: initialization completed in 2107 ms
2024-05-18T09:35:22.647+03:00  INFO 3083 --- [restartedMain] o.hibernate.jpa.internal.util.LogHelper  : HHH000204: Processing PersistenceUnitInfo [name: default]
2024-05-18T09:35:22.733+03:00  INFO 3083 --- [restartedMain] org.hibernate.Version                    : HHH000412: Hibernate ORM core version 6.4.1.Final
2024-05-18T09:35:22.756+03:00  INFO 3083 --- [restartedMain] o.h.c.internal.RegionFactoryInitiator    : HHH000026: Second-level cache disabled
2024-05-18T09:35:23.058+03:00  INFO 3083 --- [restartedMain] o.s.o.j.p.SpringPersistenceUnitInfo      : No LoadTimeWeaver setup: ignoring JPA class transformer
2024-05-18T09:35:23.082+03:00  INFO 3083 --- [restartedMain] com.zaxxer.hikari.HikariDataSource       : HikariPool-1 - Starting...
2024-05-18T09:35:23.196+03:00  INFO 3083 --- [restartedMain] com.zaxxer.hikari.pool.HikariPool        : HikariPool-1 - Added connection org.postgresql.jdbc.PgConnection@538d6f19
2024-05-18T09:35:23.197+03:00  INFO 3083 --- [restartedMain] com.zaxxer.hikari.HikariDataSource       : HikariPool-1 - Start completed.
2024-05-18T09:35:24.234+03:00  INFO 3083 --- [restartedMain] o.h.e.t.j.p.i.JtaPlatformInitiator       : HHH000489: No JTA platform available (set 'hibernate.transaction.jta.platform' to enable JTA platform integration)
2024-05-18T09:35:24.387+03:00  INFO 3083 --- [restartedMain] j.LocalContainerEntityManagerFactoryBean : Initialized JPA EntityManagerFactory for persistence unit 'default'
2024-05-18T09:35:25.368+03:00  INFO 3083 --- [restartedMain] o.s.d.j.r.query.QueryEnhancerFactory     : Hibernate is in classpath; If applicable, HQL parser will be used.
2024-05-18T09:35:25.744+03:00  WARN 3083 --- [restartedMain] JpaBaseConfiguration$JpaWebConfiguration : spring.jpa.open-in-view is enabled by default. Therefore, database queries may be performed during view rendering. Explicitly configure spring.jpa.open-in-view to disable this warning
2024-05-18T09:35:27.135+03:00  WARN 3083 --- [restartedMain] o.s.x.transform.TransformerFactoryUtils  : http://javax.xml.XMLConstants/property/accessExternalDTD property not supported by net.sf.saxon.TransformerFactoryImpl
2024-05-18T09:35:27.136+03:00  WARN 3083 --- [restartedMain] o.s.x.transform.TransformerFactoryUtils  : http://javax.xml.XMLConstants/property/accessExternalStylesheet property not supported by net.sf.saxon.TransformerFactoryImpl
2024-05-18T09:35:27.208+03:00  INFO 3083 --- [restartedMain] o.s.b.d.a.OptionalLiveReloadServer       : LiveReload server is running on port 35729
2024-05-18T09:35:27.275+03:00  INFO 3083 --- [restartedMain] o.s.b.w.embedded.tomcat.TomcatWebServer  : Tomcat started on port 8080 (http) with context path ''
2024-05-18T09:35:27.286+03:00  INFO 3083 --- [restartedMain] o.s.s.config.TaskSchedulerRouter         : No TaskScheduler/ScheduledExecutorService bean found for scheduled processing
2024-05-18T09:35:27.292+03:00  INFO 3083 --- [restartedMain] com.example.apihell.ApiHellApplication   : Started ApiHellApplication in 7.573 seconds (process running for 8.366)
2024-05-18T09:39:45.394+03:00  INFO 3083 --- [http-nio-8080-exec-1] o.a.c.c.C.[Tomcat].[localhost].[/]       : Initializing Spring DispatcherServlet 'dispatcherServlet'
2024-05-18T09:39:45.394+03:00  INFO 3083 --- [http-nio-8080-exec-1] o.s.web.servlet.DispatcherServlet        : Initializing Servlet 'dispatcherServlet'
2024-05-18T09:39:45.395+03:00  INFO 3083 --- [http-nio-8080-exec-1] o.s.web.servlet.DispatcherServlet        : Completed initialization in 1 ms
2024-05-18T09:39:45.496+03:00  INFO 3083 --- [http-nio-8080-exec-2] c.e.apihell.components.LoggingAspect     : Service method invoked - Class: com.example.apihell.service.CounterService, Method: incrementAndGet, Args: []
2024-05-18T09:39:45.496+03:00  INFO 3083 --- [http-nio-8080-exec-2] c.e.apihell.components.LoggingAspect     : Counter = 1
2024-05-18T09:39:45.496+03:00  INFO 3083 --- [http-nio-8080-exec-2] c.e.apihell.components.LoggingAspect     : Service method invoked - Class: com.example.apihell.service.implementations.StudentServiceImpl, Method: getAllStudents, Args: []
2024-05-18T09:39:56.029+03:00  INFO 3083 --- [http-nio-8080-exec-3] c.e.apihell.components.LoggingAspect     : Service method invoked - Class: com.example.apihell.service.CounterService, Method: incrementAndGet, Args: []
2024-05-18T09:39:56.030+03:00  INFO 3083 --- [http-nio-8080-exec-3] c.e.apihell.components.LoggingAspect     : Counter = 2
2024-05-18T09:39:56.030+03:00  INFO 3083 --- [http-nio-8080-exec-3] c.e.apihell.components.LoggingAspect     : Service method invoked - Class: com.example.apihell.service.implementations.StudentServiceImpl, Method: getAllStudents, Args: []
2024-05-18T09:40:10.621+03:00  INFO 3083 --- [http-nio-8080-exec-5] c.e.apihell.components.LoggingAspect     : Service method invoked - Class: com.example.apihell.service.CounterService, Method: incrementAndGet, Args: []
2024-05-18T09:40:10.621+03:00  INFO 3083 --- [http-nio-8080-exec-5] c.e.apihell.components.LoggingAspect     : Counter = 3
2024-05-18T09:40:10.621+03:00  INFO 3083 --- [http-nio-8080-exec-5] c.e.apihell.components.LoggingAspect     : Service method invoked - Class: com.example.apihell.service.implementations.StudentServiceImpl, Method: getAllStudents, Args: []
2024-05-18T09:40:17.998+03:00  INFO 3083 --- [http-nio-8080-exec-6] c.e.apihell.components.LoggingAspect     : Service method invoked - Class: com.example.apihell.service.CounterService, Method: incrementAndGet, Args: []
2024-05-18T09:40:17.999+03:00  INFO 3083 --- [http-nio-8080-exec-6] c.e.apihell.components.LoggingAspect     : Counter = 4
2024-05-18T09:40:17.999+03:00  INFO 3083 --- [http-nio-8080-exec-6] c.e.apihell.components.LoggingAspect     : Service method invoked - Class: com.example.apihell.service.implementations.StudentServiceImpl, Method: getAllStudents, Args: []
2024-05-18T09:45:48.967+03:00  INFO 3083 --- [SpringApplicationShutdownHook] .s.m.e.c.DefaultEventPublicationRegistry : No publications outstanding!
2024-05-18T09:45:48.972+03:00  INFO 3083 --- [SpringApplicationShutdownHook] j.LocalContainerEntityManagerFactoryBean : Closing JPA EntityManagerFactory for persistence unit 'default'
2024-05-18T09:45:48.975+03:00  INFO 3083 --- [SpringApplicationShutdownHook] com.zaxxer.hikari.HikariDataSource       : HikariPool-1 - Shutdown initiated...
2024-05-18T09:45:48.978+03:00  INFO 3083 --- [SpringApplicationShutdownHook] com.zaxxer.hikari.HikariDataSource       : HikariPool-1 - Shutdown completed.
2024-05-18T09:45:53.742+03:00  INFO 4786 --- [restartedMain] com.example.apihell.ApiHellApplication   : Starting ApiHellApplication using Java 21.0.2 with PID 4786 (/home/myra/pnajava/target/classes started by myra in /home/myra/pnajava)
2024-05-18T09:45:53.744+03:00  INFO 4786 --- [restartedMain] com.example.apihell.ApiHellApplication   : No active profile set, falling back to 1 default profile: "default"
2024-05-18T09:45:53.785+03:00  INFO 4786 --- [restartedMain] .e.DevToolsPropertyDefaultsPostProcessor : Devtools property defaults active! Set 'spring.devtools.add-properties' to 'false' to disable
2024-05-18T09:45:53.786+03:00  INFO 4786 --- [restartedMain] .e.DevToolsPropertyDefaultsPostProcessor : For additional web related logging consider setting the 'logging.level.web' property to 'DEBUG'
2024-05-18T09:45:54.539+03:00  INFO 4786 --- [restartedMain] .s.d.r.c.RepositoryConfigurationDelegate : Bootstrapping Spring Data JPA repositories in DEFAULT mode.
2024-05-18T09:45:54.596+03:00  INFO 4786 --- [restartedMain] .s.d.r.c.RepositoryConfigurationDelegate : Finished Spring Data repository scanning in 50 ms. Found 6 JPA repository interfaces.
2024-05-18T09:45:54.820+03:00  WARN 4786 --- [restartedMain] trationDelegate$BeanPostProcessorChecker : Bean 'org.springframework.ws.config.annotation.DelegatingWsConfiguration' of type [org.springframework.ws.config.annotation.DelegatingWsConfiguration$$SpringCGLIB$$0] is not eligible for getting processed by all BeanPostProcessors (for example: not eligible for auto-proxying). The currently created BeanPostProcessor [annotationActionEndpointMapping] is declared through a non-static factory method on that class; consider declaring it as static instead.
2024-05-18T09:45:54.860+03:00  WARN 4786 --- [restartedMain] o.s.xml.DocumentBuilderFactoryUtils      : http://javax.xml.XMLConstants/property/accessExternalDTD property not supported by org.apache.xerces.jaxp.DocumentBuilderFactoryImpl
2024-05-18T09:45:54.860+03:00  WARN 4786 --- [restartedMain] o.s.xml.DocumentBuilderFactoryUtils      : http://javax.xml.XMLConstants/property/accessExternalSchema property not supported by org.apache.xerces.jaxp.DocumentBuilderFactoryImpl
2024-05-18T09:45:54.879+03:00  INFO 4786 --- [restartedMain] .w.s.a.s.AnnotationActionEndpointMapping : Supporting [WS-Addressing August 2004, WS-Addressing 1.0]
2024-05-18T09:45:55.261+03:00  INFO 4786 --- [restartedMain] o.s.b.w.embedded.tomcat.TomcatWebServer  : Tomcat initialized with port 8080 (http)
2024-05-18T09:45:55.263+03:00  INFO 4786 --- [restartedMain] o.a.catalina.core.AprLifecycleListener   : An older version [1.2.36] of the Apache Tomcat Native library is installed, while Tomcat recommends a minimum version of [2.0.5]
2024-05-18T09:45:55.264+03:00  INFO 4786 --- [restartedMain] o.a.catalina.core.AprLifecycleListener   : Loaded Apache Tomcat Native library [1.2.36] using APR version [1.7.3].
2024-05-18T09:45:55.268+03:00  INFO 4786 --- [restartedMain] o.a.catalina.core.AprLifecycleListener   : OpenSSL successfully initialized [OpenSSL 3.1.1 30 May 2023]
2024-05-18T09:45:55.273+03:00  INFO 4786 --- [restartedMain] o.apache.catalina.core.StandardService   : Starting service [Tomcat]
2024-05-18T09:45:55.273+03:00  INFO 4786 --- [restartedMain] o.apache.catalina.core.StandardEngine    : Starting Servlet engine: [Apache Tomcat/10.1.18]
2024-05-18T09:45:55.304+03:00  INFO 4786 --- [restartedMain] o.a.c.c.C.[Tomcat].[localhost].[/]       : Initializing Spring embedded WebApplicationContext
2024-05-18T09:45:55.304+03:00  INFO 4786 --- [restartedMain] w.s.c.ServletWebServerApplicationContext : Root WebApplicationContext: initialization completed in 1500 ms
2024-05-18T09:45:55.457+03:00  INFO 4786 --- [restartedMain] o.hibernate.jpa.internal.util.LogHelper  : HHH000204: Processing PersistenceUnitInfo [name: default]
2024-05-18T09:45:55.500+03:00  INFO 4786 --- [restartedMain] org.hibernate.Version                    : HHH000412: Hibernate ORM core version 6.4.1.Final
2024-05-18T09:45:55.518+03:00  INFO 4786 --- [restartedMain] o.h.c.internal.RegionFactoryInitiator    : HHH000026: Second-level cache disabled
2024-05-18T09:45:55.652+03:00  INFO 4786 --- [restartedMain] o.s.o.j.p.SpringPersistenceUnitInfo      : No LoadTimeWeaver setup: ignoring JPA class transformer
2024-05-18T09:45:55.666+03:00  INFO 4786 --- [restartedMain] com.zaxxer.hikari.HikariDataSource       : HikariPool-1 - Starting...
2024-05-18T09:45:55.722+03:00  INFO 4786 --- [restartedMain] com.zaxxer.hikari.pool.HikariPool        : HikariPool-1 - Added connection org.postgresql.jdbc.PgConnection@47e9ee53
2024-05-18T09:45:55.723+03:00  INFO 4786 --- [restartedMain] com.zaxxer.hikari.HikariDataSource       : HikariPool-1 - Start completed.
2024-05-18T09:45:56.354+03:00  INFO 4786 --- [restartedMain] o.h.e.t.j.p.i.JtaPlatformInitiator       : HHH000489: No JTA platform available (set 'hibernate.transaction.jta.platform' to enable JTA platform integration)
2024-05-18T09:45:56.427+03:00  INFO 4786 --- [restartedMain] j.LocalContainerEntityManagerFactoryBean : Initialized JPA EntityManagerFactory for persistence unit 'default'
2024-05-18T09:45:56.982+03:00  INFO 4786 --- [restartedMain] o.s.d.j.r.query.QueryEnhancerFactory     : Hibernate is in classpath; If applicable, HQL parser will be used.
2024-05-18T09:45:57.217+03:00  WARN 4786 --- [restartedMain] JpaBaseConfiguration$JpaWebConfiguration : spring.jpa.open-in-view is enabled by default. Therefore, database queries may be performed during view rendering. Explicitly configure spring.jpa.open-in-view to disable this warning
2024-05-18T09:45:58.139+03:00  WARN 4786 --- [restartedMain] o.s.x.transform.TransformerFactoryUtils  : http://javax.xml.XMLConstants/property/accessExternalDTD property not supported by net.sf.saxon.TransformerFactoryImpl
2024-05-18T09:45:58.139+03:00  WARN 4786 --- [restartedMain] o.s.x.transform.TransformerFactoryUtils  : http://javax.xml.XMLConstants/property/accessExternalStylesheet property not supported by net.sf.saxon.TransformerFactoryImpl
2024-05-18T09:45:58.180+03:00  INFO 4786 --- [restartedMain] o.s.b.d.a.OptionalLiveReloadServer       : LiveReload server is running on port 35729
2024-05-18T09:45:58.225+03:00  INFO 4786 --- [restartedMain] o.s.b.w.embedded.tomcat.TomcatWebServer  : Tomcat started on port 8080 (http) with context path ''
2024-05-18T09:45:58.234+03:00  INFO 4786 --- [restartedMain] o.s.s.config.TaskSchedulerRouter         : No TaskScheduler/ScheduledExecutorService bean found for scheduled processing
2024-05-18T09:45:58.237+03:00  INFO 4786 --- [restartedMain] com.example.apihell.ApiHellApplication   : Started ApiHellApplication in 5.031 seconds (process running for 6.725)
2024-05-18T09:46:12.236+03:00  INFO 4786 --- [http-nio-8080-exec-1] o.a.c.c.C.[Tomcat].[localhost].[/]       : Initializing Spring DispatcherServlet 'dispatcherServlet'
2024-05-18T09:46:12.236+03:00  INFO 4786 --- [http-nio-8080-exec-1] o.s.web.servlet.DispatcherServlet        : Initializing Servlet 'dispatcherServlet'
2024-05-18T09:46:12.238+03:00  INFO 4786 --- [http-nio-8080-exec-1] o.s.web.servlet.DispatcherServlet        : Completed initialization in 2 ms
2024-05-18T09:46:12.312+03:00  INFO 4786 --- [http-nio-8080-exec-1] c.e.apihell.components.LoggingAspect     : Service method invoked - Class: com.example.apihell.service.CounterService, Method: incrementAndGet, Args: []
2024-05-18T09:46:12.312+03:00  INFO 4786 --- [http-nio-8080-exec-1] c.e.apihell.components.LoggingAspect     : Counter = 1
2024-05-18T09:46:12.312+03:00  INFO 4786 --- [http-nio-8080-exec-1] c.e.apihell.components.LoggingAspect     : Service method invoked - Class: com.example.apihell.service.implementations.StudentServiceImpl, Method: getAllStudents, Args: []
2024-05-18T09:46:14.845+03:00  INFO 4786 --- [http-nio-8080-exec-3] c.e.apihell.components.LoggingAspect     : Service method invoked - Class: com.example.apihell.service.CounterService, Method: incrementAndGet, Args: []
2024-05-18T09:46:14.845+03:00  INFO 4786 --- [http-nio-8080-exec-3] c.e.apihell.components.LoggingAspect     : Counter = 2
2024-05-18T09:46:14.845+03:00  INFO 4786 --- [http-nio-8080-exec-3] c.e.apihell.components.LoggingAspect     : Service method invoked - Class: com.example.apihell.service.implementations.StudentServiceImpl, Method: getAllStudents, Args: []
2024-05-18T09:47:10.565+03:00  INFO 4786 --- [SpringApplicationShutdownHook] .s.m.e.c.DefaultEventPublicationRegistry : No publications outstanding!
2024-05-18T09:47:10.567+03:00  INFO 4786 --- [SpringApplicationShutdownHook] j.LocalContainerEntityManagerFactoryBean : Closing JPA EntityManagerFactory for persistence unit 'default'
2024-05-18T09:47:10.569+03:00  INFO 4786 --- [SpringApplicationShutdownHook] com.zaxxer.hikari.HikariDataSource       : HikariPool-1 - Shutdown initiated...
2024-05-18T09:47:10.572+03:00  INFO 4786 --- [SpringApplicationShutdownHook] com.zaxxer.hikari.HikariDataSource       : HikariPool-1 - Shutdown completed.
2024-05-18T09:47:13.523+03:00  INFO 4950 --- [restartedMain] com.example.apihell.ApiHellApplication   : Starting ApiHellApplication using Java 21.0.2 with PID 4950 (/home/myra/pnajava/target/classes started by myra in /home/myra/pnajava)
2024-05-18T09:47:13.528+03:00  INFO 4950 --- [restartedMain] com.example.apihell.ApiHellApplication   : No active profile set, falling back to 1 default profile: "default"
2024-05-18T09:47:13.661+03:00  INFO 4950 --- [restartedMain] .e.DevToolsPropertyDefaultsPostProcessor : Devtools property defaults active! Set 'spring.devtools.add-properties' to 'false' to disable
2024-05-18T09:47:13.661+03:00  INFO 4950 --- [restartedMain] .e.DevToolsPropertyDefaultsPostProcessor : For additional web related logging consider setting the 'logging.level.web' property to 'DEBUG'
2024-05-18T09:47:14.608+03:00  INFO 4950 --- [restartedMain] .s.d.r.c.RepositoryConfigurationDelegate : Bootstrapping Spring Data JPA repositories in DEFAULT mode.
2024-05-18T09:47:14.649+03:00  INFO 4950 --- [restartedMain] .s.d.r.c.RepositoryConfigurationDelegate : Finished Spring Data repository scanning in 37 ms. Found 6 JPA repository interfaces.
2024-05-18T09:47:14.880+03:00  WARN 4950 --- [restartedMain] trationDelegate$BeanPostProcessorChecker : Bean 'org.springframework.ws.config.annotation.DelegatingWsConfiguration' of type [org.springframework.ws.config.annotation.DelegatingWsConfiguration$$SpringCGLIB$$0] is not eligible for getting processed by all BeanPostProcessors (for example: not eligible for auto-proxying). The currently created BeanPostProcessor [annotationActionEndpointMapping] is declared through a non-static factory method on that class; consider declaring it as static instead.
2024-05-18T09:47:14.917+03:00  WARN 4950 --- [restartedMain] o.s.xml.DocumentBuilderFactoryUtils      : http://javax.xml.XMLConstants/property/accessExternalDTD property not supported by org.apache.xerces.jaxp.DocumentBuilderFactoryImpl
2024-05-18T09:47:14.918+03:00  WARN 4950 --- [restartedMain] o.s.xml.DocumentBuilderFactoryUtils      : http://javax.xml.XMLConstants/property/accessExternalSchema property not supported by org.apache.xerces.jaxp.DocumentBuilderFactoryImpl
2024-05-18T09:47:14.930+03:00  INFO 4950 --- [restartedMain] .w.s.a.s.AnnotationActionEndpointMapping : Supporting [WS-Addressing August 2004, WS-Addressing 1.0]
2024-05-18T09:47:15.304+03:00  INFO 4950 --- [restartedMain] o.s.b.w.embedded.tomcat.TomcatWebServer  : Tomcat initialized with port 8080 (http)
2024-05-18T09:47:15.306+03:00  INFO 4950 --- [restartedMain] o.a.catalina.core.AprLifecycleListener   : An older version [1.2.36] of the Apache Tomcat Native library is installed, while Tomcat recommends a minimum version of [2.0.5]
2024-05-18T09:47:15.307+03:00  INFO 4950 --- [restartedMain] o.a.catalina.core.AprLifecycleListener   : Loaded Apache Tomcat Native library [1.2.36] using APR version [1.7.3].
2024-05-18T09:47:15.309+03:00  INFO 4950 --- [restartedMain] o.a.catalina.core.AprLifecycleListener   : OpenSSL successfully initialized [OpenSSL 3.1.1 30 May 2023]
2024-05-18T09:47:15.314+03:00  INFO 4950 --- [restartedMain] o.apache.catalina.core.StandardService   : Starting service [Tomcat]
2024-05-18T09:47:15.314+03:00  INFO 4950 --- [restartedMain] o.apache.catalina.core.StandardEngine    : Starting Servlet engine: [Apache Tomcat/10.1.18]
2024-05-18T09:47:15.340+03:00  INFO 4950 --- [restartedMain] o.a.c.c.C.[Tomcat].[localhost].[/]       : Initializing Spring embedded WebApplicationContext
2024-05-18T09:47:15.340+03:00  INFO 4950 --- [restartedMain] w.s.c.ServletWebServerApplicationContext : Root WebApplicationContext: initialization completed in 1637 ms
2024-05-18T09:47:15.493+03:00  INFO 4950 --- [restartedMain] o.hibernate.jpa.internal.util.LogHelper  : HHH000204: Processing PersistenceUnitInfo [name: default]
2024-05-18T09:47:15.530+03:00  INFO 4950 --- [restartedMain] org.hibernate.Version                    : HHH000412: Hibernate ORM core version 6.4.1.Final
2024-05-18T09:47:15.548+03:00  INFO 4950 --- [restartedMain] o.h.c.internal.RegionFactoryInitiator    : HHH000026: Second-level cache disabled
2024-05-18T09:47:15.680+03:00  INFO 4950 --- [restartedMain] o.s.o.j.p.SpringPersistenceUnitInfo      : No LoadTimeWeaver setup: ignoring JPA class transformer
2024-05-18T09:47:15.694+03:00  INFO 4950 --- [restartedMain] com.zaxxer.hikari.HikariDataSource       : HikariPool-1 - Starting...
2024-05-18T09:47:15.750+03:00  INFO 4950 --- [restartedMain] com.zaxxer.hikari.pool.HikariPool        : HikariPool-1 - Added connection org.postgresql.jdbc.PgConnection@6398d0ba
2024-05-18T09:47:15.751+03:00  INFO 4950 --- [restartedMain] com.zaxxer.hikari.HikariDataSource       : HikariPool-1 - Start completed.
2024-05-18T09:47:16.365+03:00  INFO 4950 --- [restartedMain] o.h.e.t.j.p.i.JtaPlatformInitiator       : HHH000489: No JTA platform available (set 'hibernate.transaction.jta.platform' to enable JTA platform integration)
2024-05-18T09:47:16.438+03:00  INFO 4950 --- [restartedMain] j.LocalContainerEntityManagerFactoryBean : Initialized JPA EntityManagerFactory for persistence unit 'default'
2024-05-18T09:47:16.981+03:00  INFO 4950 --- [restartedMain] o.s.d.j.r.query.QueryEnhancerFactory     : Hibernate is in classpath; If applicable, HQL parser will be used.
2024-05-18T09:47:17.194+03:00  WARN 4950 --- [restartedMain] JpaBaseConfiguration$JpaWebConfiguration : spring.jpa.open-in-view is enabled by default. Therefore, database queries may be performed during view rendering. Explicitly configure spring.jpa.open-in-view to disable this warning
2024-05-18T09:47:18.071+03:00  WARN 4950 --- [restartedMain] o.s.x.transform.TransformerFactoryUtils  : http://javax.xml.XMLConstants/property/accessExternalDTD property not supported by net.sf.saxon.TransformerFactoryImpl
2024-05-18T09:47:18.071+03:00  WARN 4950 --- [restartedMain] o.s.x.transform.TransformerFactoryUtils  : http://javax.xml.XMLConstants/property/accessExternalStylesheet property not supported by net.sf.saxon.TransformerFactoryImpl
2024-05-18T09:47:18.110+03:00  INFO 4950 --- [restartedMain] o.s.b.d.a.OptionalLiveReloadServer       : LiveReload server is running on port 35729
2024-05-18T09:47:18.162+03:00  INFO 4950 --- [restartedMain] o.s.b.w.embedded.tomcat.TomcatWebServer  : Tomcat started on port 8080 (http) with context path ''
2024-05-18T09:47:18.172+03:00  INFO 4950 --- [restartedMain] o.s.s.config.TaskSchedulerRouter         : No TaskScheduler/ScheduledExecutorService bean found for scheduled processing
2024-05-18T09:47:18.176+03:00  INFO 4950 --- [restartedMain] com.example.apihell.ApiHellApplication   : Started ApiHellApplication in 5.494 seconds (process running for 6.613)
2024-05-18T09:47:26.539+03:00  INFO 4950 --- [http-nio-8080-exec-1] o.a.c.c.C.[Tomcat].[localhost].[/]       : Initializing Spring DispatcherServlet 'dispatcherServlet'
2024-05-18T09:47:26.540+03:00  INFO 4950 --- [http-nio-8080-exec-1] o.s.web.servlet.DispatcherServlet        : Initializing Servlet 'dispatcherServlet'
2024-05-18T09:47:26.543+03:00  INFO 4950 --- [http-nio-8080-exec-1] o.s.web.servlet.DispatcherServlet        : Completed initialization in 3 ms
2024-05-18T09:47:26.612+03:00  INFO 4950 --- [http-nio-8080-exec-1] c.e.apihell.components.LoggingAspect     : Service method invoked - Class: com.example.apihell.service.CounterService, Method: incrementAndGet, Args: []
2024-05-18T09:47:26.612+03:00  INFO 4950 --- [http-nio-8080-exec-1] c.e.apihell.components.LoggingAspect     : Counter = 1
2024-05-18T09:47:26.613+03:00  INFO 4950 --- [http-nio-8080-exec-1] c.e.apihell.components.LoggingAspect     : Service method invoked - Class: com.example.apihell.service.implementations.StudentServiceImpl, Method: getAllStudents, Args: []
2024-05-18T09:47:29.894+03:00  INFO 4950 --- [http-nio-8080-exec-2] c.e.apihell.components.LoggingAspect     : Service method invoked - Class: com.example.apihell.service.CounterService, Method: incrementAndGet, Args: []
2024-05-18T09:47:29.895+03:00  INFO 4950 --- [http-nio-8080-exec-2] c.e.apihell.components.LoggingAspect     : Counter = 2
2024-05-18T09:47:29.895+03:00  INFO 4950 --- [http-nio-8080-exec-2] c.e.apihell.components.LoggingAspect     : Service method invoked - Class: com.example.apihell.service.implementations.StudentServiceImpl, Method: getAllStudents, Args: []
2024-05-18T09:47:36.770+03:00  INFO 4950 --- [http-nio-8080-exec-4] c.e.apihell.components.LoggingAspect     : Service method invoked - Class: com.example.apihell.service.CounterService, Method: incrementAndGet, Args: []
2024-05-18T09:47:36.771+03:00  INFO 4950 --- [http-nio-8080-exec-4] c.e.apihell.components.LoggingAspect     : Counter = 3
2024-05-18T09:47:36.771+03:00  INFO 4950 --- [http-nio-8080-exec-4] c.e.apihell.components.LoggingAspect     : Service method invoked - Class: com.example.apihell.service.implementations.StudentServiceImpl, Method: studentExists, Args: [25050071]
2024-05-18T09:47:36.794+03:00  INFO 4950 --- [http-nio-8080-exec-4] c.e.apihell.components.LoggingAspect     : Service method invoked - Class: com.example.apihell.service.implementations.StudentServiceImpl, Method: save, Args: [com.example.apihell.model.Student@e4a344f]
2024-05-18T09:47:48.742+03:00  INFO 4950 --- [http-nio-8080-exec-5] c.e.apihell.components.LoggingAspect     : Service method invoked - Class: com.example.apihell.service.CounterService, Method: incrementAndGet, Args: []
2024-05-18T09:47:48.742+03:00  INFO 4950 --- [http-nio-8080-exec-5] c.e.apihell.components.LoggingAspect     : Counter = 4
2024-05-18T09:47:48.742+03:00  INFO 4950 --- [http-nio-8080-exec-5] c.e.apihell.components.LoggingAspect     : Service method invoked - Class: com.example.apihell.service.implementations.StudentServiceImpl, Method: getAllStudents, Args: []
2024-05-18T09:47:52.477+03:00  INFO 4950 --- [http-nio-8080-exec-6] c.e.apihell.components.LoggingAspect     : Service method invoked - Class: com.example.apihell.service.CounterService, Method: incrementAndGet, Args: []
2024-05-18T09:47:52.477+03:00  INFO 4950 --- [http-nio-8080-exec-6] c.e.apihell.components.LoggingAspect     : Counter = 5
2024-05-18T09:47:52.478+03:00  INFO 4950 --- [http-nio-8080-exec-6] c.e.apihell.components.LoggingAspect     : Service method invoked - Class: com.example.apihell.service.implementations.StudentServiceImpl, Method: getAllStudents, Args: []
2024-05-18T09:47:53.335+03:00  INFO 4950 --- [http-nio-8080-exec-7] c.e.apihell.components.LoggingAspect     : Service method invoked - Class: com.example.apihell.service.CounterService, Method: incrementAndGet, Args: []
2024-05-18T09:47:53.336+03:00  INFO 4950 --- [http-nio-8080-exec-7] c.e.apihell.components.LoggingAspect     : Counter = 6
2024-05-18T09:47:53.336+03:00  INFO 4950 --- [http-nio-8080-exec-7] c.e.apihell.components.LoggingAspect     : Service method invoked - Class: com.example.apihell.service.implementations.StudentServiceImpl, Method: getAllStudents, Args: []
2024-05-18T09:47:58.235+03:00  INFO 4950 --- [http-nio-8080-exec-8] c.e.apihell.components.LoggingAspect     : Service method invoked - Class: com.example.apihell.service.CounterService, Method: incrementAndGet, Args: []
2024-05-18T09:47:58.235+03:00  INFO 4950 --- [http-nio-8080-exec-8] c.e.apihell.components.LoggingAspect     : Counter = 7
2024-05-18T09:47:58.235+03:00  INFO 4950 --- [http-nio-8080-exec-8] c.e.apihell.components.LoggingAspect     : Service method invoked - Class: com.example.apihell.service.implementations.StudentServiceImpl, Method: getAllStudents, Args: []
2024-05-18T09:48:03.937+03:00  INFO 4950 --- [http-nio-8080-exec-9] c.e.apihell.components.LoggingAspect     : Service method invoked - Class: com.example.apihell.service.CounterService, Method: incrementAndGet, Args: []
2024-05-18T09:48:03.937+03:00  INFO 4950 --- [http-nio-8080-exec-9] c.e.apihell.components.LoggingAspect     : Counter = 8
2024-05-18T09:48:03.937+03:00  INFO 4950 --- [http-nio-8080-exec-9] c.e.apihell.components.LoggingAspect     : Service method invoked - Class: com.example.apihell.service.implementations.StudentServiceImpl, Method: studentExists, Args: [25050071]
2024-05-18T09:48:03.953+03:00  INFO 4950 --- [http-nio-8080-exec-9] c.e.apihell.components.LoggingAspect     : Service method invoked - Class: com.example.apihell.service.implementations.StudentServiceImpl, Method: save, Args: [com.example.apihell.model.Student@1813d699]
2024-05-18T09:48:11.479+03:00  INFO 4950 --- [http-nio-8080-exec-10] c.e.apihell.components.LoggingAspect     : Service method invoked - Class: com.example.apihell.service.CounterService, Method: incrementAndGet, Args: []
2024-05-18T09:48:11.479+03:00  INFO 4950 --- [http-nio-8080-exec-10] c.e.apihell.components.LoggingAspect     : Counter = 9
2024-05-18T09:48:11.479+03:00  INFO 4950 --- [http-nio-8080-exec-10] c.e.apihell.components.LoggingAspect     : Service method invoked - Class: com.example.apihell.service.implementations.StudentServiceImpl, Method: getAllStudents, Args: []
2024-05-18T09:49:22.805+03:00  INFO 4950 --- [SpringApplicationShutdownHook] .s.m.e.c.DefaultEventPublicationRegistry : No publications outstanding!
2024-05-18T09:49:22.809+03:00  INFO 4950 --- [SpringApplicationShutdownHook] j.LocalContainerEntityManagerFactoryBean : Closing JPA EntityManagerFactory for persistence unit 'default'
2024-05-18T09:49:22.812+03:00  INFO 4950 --- [SpringApplicationShutdownHook] com.zaxxer.hikari.HikariDataSource       : HikariPool-1 - Shutdown initiated...
2024-05-18T09:49:22.815+03:00  INFO 4950 --- [SpringApplicationShutdownHook] com.zaxxer.hikari.HikariDataSource       : HikariPool-1 - Shutdown completed.
2024-05-18T09:49:28.471+03:00  INFO 5283 --- [restartedMain] com.example.apihell.ApiHellApplication   : Starting ApiHellApplication using Java 21.0.2 with PID 5283 (/home/myra/pnajava/target/classes started by myra in /home/myra/pnajava)
2024-05-18T09:49:28.473+03:00  INFO 5283 --- [restartedMain] com.example.apihell.ApiHellApplication   : No active profile set, falling back to 1 default profile: "default"
2024-05-18T09:49:28.514+03:00  INFO 5283 --- [restartedMain] .e.DevToolsPropertyDefaultsPostProcessor : Devtools property defaults active! Set 'spring.devtools.add-properties' to 'false' to disable
2024-05-18T09:49:28.514+03:00  INFO 5283 --- [restartedMain] .e.DevToolsPropertyDefaultsPostProcessor : For additional web related logging consider setting the 'logging.level.web' property to 'DEBUG'
2024-05-18T09:49:29.227+03:00  INFO 5283 --- [restartedMain] .s.d.r.c.RepositoryConfigurationDelegate : Bootstrapping Spring Data JPA repositories in DEFAULT mode.
2024-05-18T09:49:29.278+03:00  INFO 5283 --- [restartedMain] .s.d.r.c.RepositoryConfigurationDelegate : Finished Spring Data repository scanning in 45 ms. Found 6 JPA repository interfaces.
2024-05-18T09:49:29.574+03:00  WARN 5283 --- [restartedMain] trationDelegate$BeanPostProcessorChecker : Bean 'org.springframework.ws.config.annotation.DelegatingWsConfiguration' of type [org.springframework.ws.config.annotation.DelegatingWsConfiguration$$SpringCGLIB$$0] is not eligible for getting processed by all BeanPostProcessors (for example: not eligible for auto-proxying). The currently created BeanPostProcessor [annotationActionEndpointMapping] is declared through a non-static factory method on that class; consider declaring it as static instead.
2024-05-18T09:49:29.640+03:00  WARN 5283 --- [restartedMain] o.s.xml.DocumentBuilderFactoryUtils      : http://javax.xml.XMLConstants/property/accessExternalDTD property not supported by org.apache.xerces.jaxp.DocumentBuilderFactoryImpl
2024-05-18T09:49:29.641+03:00  WARN 5283 --- [restartedMain] o.s.xml.DocumentBuilderFactoryUtils      : http://javax.xml.XMLConstants/property/accessExternalSchema property not supported by org.apache.xerces.jaxp.DocumentBuilderFactoryImpl
2024-05-18T09:49:29.664+03:00  INFO 5283 --- [restartedMain] .w.s.a.s.AnnotationActionEndpointMapping : Supporting [WS-Addressing August 2004, WS-Addressing 1.0]
2024-05-18T09:49:30.101+03:00  INFO 5283 --- [restartedMain] o.s.b.w.embedded.tomcat.TomcatWebServer  : Tomcat initialized with port 8080 (http)
2024-05-18T09:49:30.104+03:00  INFO 5283 --- [restartedMain] o.a.catalina.core.AprLifecycleListener   : An older version [1.2.36] of the Apache Tomcat Native library is installed, while Tomcat recommends a minimum version of [2.0.5]
2024-05-18T09:49:30.104+03:00  INFO 5283 --- [restartedMain] o.a.catalina.core.AprLifecycleListener   : Loaded Apache Tomcat Native library [1.2.36] using APR version [1.7.3].
2024-05-18T09:49:30.108+03:00  INFO 5283 --- [restartedMain] o.a.catalina.core.AprLifecycleListener   : OpenSSL successfully initialized [OpenSSL 3.1.1 30 May 2023]
2024-05-18T09:49:30.113+03:00  INFO 5283 --- [restartedMain] o.apache.catalina.core.StandardService   : Starting service [Tomcat]
2024-05-18T09:49:30.113+03:00  INFO 5283 --- [restartedMain] o.apache.catalina.core.StandardEngine    : Starting Servlet engine: [Apache Tomcat/10.1.18]
2024-05-18T09:49:30.144+03:00  INFO 5283 --- [restartedMain] o.a.c.c.C.[Tomcat].[localhost].[/]       : Initializing Spring embedded WebApplicationContext
2024-05-18T09:49:30.144+03:00  INFO 5283 --- [restartedMain] w.s.c.ServletWebServerApplicationContext : Root WebApplicationContext: initialization completed in 1610 ms
2024-05-18T09:49:30.315+03:00  INFO 5283 --- [restartedMain] o.hibernate.jpa.internal.util.LogHelper  : HHH000204: Processing PersistenceUnitInfo [name: default]
2024-05-18T09:49:30.349+03:00  INFO 5283 --- [restartedMain] org.hibernate.Version                    : HHH000412: Hibernate ORM core version 6.4.1.Final
2024-05-18T09:49:30.370+03:00  INFO 5283 --- [restartedMain] o.h.c.internal.RegionFactoryInitiator    : HHH000026: Second-level cache disabled
2024-05-18T09:49:30.510+03:00  INFO 5283 --- [restartedMain] o.s.o.j.p.SpringPersistenceUnitInfo      : No LoadTimeWeaver setup: ignoring JPA class transformer
2024-05-18T09:49:30.537+03:00  INFO 5283 --- [restartedMain] com.zaxxer.hikari.HikariDataSource       : HikariPool-1 - Starting...
2024-05-18T09:49:30.625+03:00  INFO 5283 --- [restartedMain] com.zaxxer.hikari.pool.HikariPool        : HikariPool-1 - Added connection org.postgresql.jdbc.PgConnection@4beb4723
2024-05-18T09:49:30.626+03:00  INFO 5283 --- [restartedMain] com.zaxxer.hikari.HikariDataSource       : HikariPool-1 - Start completed.
2024-05-18T09:49:31.364+03:00  INFO 5283 --- [restartedMain] o.h.e.t.j.p.i.JtaPlatformInitiator       : HHH000489: No JTA platform available (set 'hibernate.transaction.jta.platform' to enable JTA platform integration)
2024-05-18T09:49:31.452+03:00  INFO 5283 --- [restartedMain] j.LocalContainerEntityManagerFactoryBean : Initialized JPA EntityManagerFactory for persistence unit 'default'
2024-05-18T09:49:32.124+03:00  INFO 5283 --- [restartedMain] o.s.d.j.r.query.QueryEnhancerFactory     : Hibernate is in classpath; If applicable, HQL parser will be used.
2024-05-18T09:49:32.364+03:00  WARN 5283 --- [restartedMain] JpaBaseConfiguration$JpaWebConfiguration : spring.jpa.open-in-view is enabled by default. Therefore, database queries may be performed during view rendering. Explicitly configure spring.jpa.open-in-view to disable this warning
2024-05-18T09:49:33.432+03:00  WARN 5283 --- [restartedMain] o.s.x.transform.TransformerFactoryUtils  : http://javax.xml.XMLConstants/property/accessExternalDTD property not supported by net.sf.saxon.TransformerFactoryImpl
2024-05-18T09:49:33.432+03:00  WARN 5283 --- [restartedMain] o.s.x.transform.TransformerFactoryUtils  : http://javax.xml.XMLConstants/property/accessExternalStylesheet property not supported by net.sf.saxon.TransformerFactoryImpl
2024-05-18T09:49:33.484+03:00  INFO 5283 --- [restartedMain] o.s.b.d.a.OptionalLiveReloadServer       : LiveReload server is running on port 35729
2024-05-18T09:49:33.538+03:00  INFO 5283 --- [restartedMain] o.s.b.w.embedded.tomcat.TomcatWebServer  : Tomcat started on port 8080 (http) with context path ''
2024-05-18T09:49:33.546+03:00  INFO 5283 --- [restartedMain] o.s.s.config.TaskSchedulerRouter         : No TaskScheduler/ScheduledExecutorService bean found for scheduled processing
2024-05-18T09:49:33.551+03:00  INFO 5283 --- [restartedMain] com.example.apihell.ApiHellApplication   : Started ApiHellApplication in 5.456 seconds (process running for 6.479)
2024-05-18T09:49:33.622+03:00  INFO 5283 --- [http-nio-8080-exec-1] o.a.c.c.C.[Tomcat].[localhost].[/]       : Initializing Spring DispatcherServlet 'dispatcherServlet'
2024-05-18T09:49:33.622+03:00  INFO 5283 --- [http-nio-8080-exec-1] o.s.web.servlet.DispatcherServlet        : Initializing Servlet 'dispatcherServlet'
2024-05-18T09:49:33.623+03:00  INFO 5283 --- [http-nio-8080-exec-1] o.s.web.servlet.DispatcherServlet        : Completed initialization in 1 ms
2024-05-18T09:49:33.701+03:00  INFO 5283 --- [http-nio-8080-exec-1] c.e.apihell.components.LoggingAspect     : Service method invoked - Class: com.example.apihell.service.CounterService, Method: incrementAndGet, Args: []
2024-05-18T09:49:33.702+03:00  INFO 5283 --- [http-nio-8080-exec-1] c.e.apihell.components.LoggingAspect     : Counter = 1
2024-05-18T09:49:33.702+03:00  INFO 5283 --- [http-nio-8080-exec-1] c.e.apihell.components.LoggingAspect     : Service method invoked - Class: com.example.apihell.service.implementations.StudentServiceImpl, Method: getAllStudents, Args: []
2024-05-18T09:49:33.996+03:00  INFO 5283 --- [http-nio-8080-exec-2] c.e.apihell.components.LoggingAspect     : Service method invoked - Class: com.example.apihell.service.CounterService, Method: incrementAndGet, Args: []
2024-05-18T09:49:33.996+03:00  INFO 5283 --- [http-nio-8080-exec-2] c.e.apihell.components.LoggingAspect     : Counter = 2
2024-05-18T09:49:33.996+03:00  INFO 5283 --- [http-nio-8080-exec-2] c.e.apihell.components.LoggingAspect     : Service method invoked - Class: com.example.apihell.service.implementations.StudentServiceImpl, Method: getAllStudents, Args: []
2024-05-18T09:49:35.817+03:00  INFO 5283 --- [http-nio-8080-exec-3] c.e.apihell.components.LoggingAspect     : Service method invoked - Class: com.example.apihell.service.CounterService, Method: incrementAndGet, Args: []
2024-05-18T09:49:35.818+03:00  INFO 5283 --- [http-nio-8080-exec-3] c.e.apihell.components.LoggingAspect     : Counter = 3
2024-05-18T09:49:35.818+03:00  INFO 5283 --- [http-nio-8080-exec-3] c.e.apihell.components.LoggingAspect     : Service method invoked - Class: com.example.apihell.service.implementations.StudentServiceImpl, Method: getAllStudents, Args: []
2024-05-18T09:49:38.280+03:00  INFO 5283 --- [http-nio-8080-exec-5] c.e.apihell.components.LoggingAspect     : Service method invoked - Class: com.example.apihell.service.CounterService, Method: incrementAndGet, Args: []
2024-05-18T09:49:38.280+03:00  INFO 5283 --- [http-nio-8080-exec-5] c.e.apihell.components.LoggingAspect     : Counter = 4
2024-05-18T09:49:38.281+03:00  INFO 5283 --- [http-nio-8080-exec-5] c.e.apihell.components.LoggingAspect     : Service method invoked - Class: com.example.apihell.service.implementations.StudentServiceImpl, Method: getAllStudents, Args: []
2024-05-18T09:49:45.110+03:00  INFO 5283 --- [http-nio-8080-exec-6] c.e.apihell.components.LoggingAspect     : Service method invoked - Class: com.example.apihell.service.CounterService, Method: incrementAndGet, Args: []
2024-05-18T09:49:45.110+03:00  INFO 5283 --- [http-nio-8080-exec-6] c.e.apihell.components.LoggingAspect     : Counter = 5
2024-05-18T09:49:45.110+03:00  INFO 5283 --- [http-nio-8080-exec-6] c.e.apihell.components.LoggingAspect     : Service method invoked - Class: com.example.apihell.service.implementations.StudentServiceImpl, Method: getAllStudents, Args: []
2024-05-18T09:49:46.179+03:00  INFO 5283 --- [http-nio-8080-exec-7] c.e.apihell.components.LoggingAspect     : Service method invoked - Class: com.example.apihell.service.CounterService, Method: incrementAndGet, Args: []
2024-05-18T09:49:46.179+03:00  INFO 5283 --- [http-nio-8080-exec-7] c.e.apihell.components.LoggingAspect     : Counter = 6
2024-05-18T09:49:46.180+03:00  INFO 5283 --- [http-nio-8080-exec-7] c.e.apihell.components.LoggingAspect     : Service method invoked - Class: com.example.apihell.service.implementations.StudentServiceImpl, Method: getAllStudents, Args: []
2024-05-18T09:49:46.802+03:00  INFO 5283 --- [http-nio-8080-exec-8] c.e.apihell.components.LoggingAspect     : Service method invoked - Class: com.example.apihell.service.CounterService, Method: incrementAndGet, Args: []
2024-05-18T09:49:46.802+03:00  INFO 5283 --- [http-nio-8080-exec-8] c.e.apihell.components.LoggingAspect     : Counter = 7
2024-05-18T09:49:46.802+03:00  INFO 5283 --- [http-nio-8080-exec-8] c.e.apihell.components.LoggingAspect     : Service method invoked - Class: com.example.apihell.service.implementations.StudentServiceImpl, Method: getAllStudents, Args: []
2024-05-18T09:49:54.015+03:00  INFO 5283 --- [http-nio-8080-exec-9] c.e.apihell.components.LoggingAspect     : Service method invoked - Class: com.example.apihell.service.CounterService, Method: incrementAndGet, Args: []
2024-05-18T09:49:54.015+03:00  INFO 5283 --- [http-nio-8080-exec-9] c.e.apihell.components.LoggingAspect     : Counter = 8
2024-05-18T09:49:54.015+03:00  INFO 5283 --- [http-nio-8080-exec-9] c.e.apihell.components.LoggingAspect     : Service method invoked - Class: com.example.apihell.service.implementations.StudentServiceImpl, Method: studentExists, Args: [25050071]
2024-05-18T09:49:54.056+03:00  INFO 5283 --- [http-nio-8080-exec-9] c.e.apihell.components.LoggingAspect     : Service method invoked - Class: com.example.apihell.service.implementations.StudentServiceImpl, Method: save, Args: [com.example.apihell.model.Student@71190d1d]
2024-05-18T09:49:57.836+03:00  INFO 5283 --- [http-nio-8080-exec-10] c.e.apihell.components.LoggingAspect     : Service method invoked - Class: com.example.apihell.service.CounterService, Method: incrementAndGet, Args: []
2024-05-18T09:49:57.837+03:00  INFO 5283 --- [http-nio-8080-exec-10] c.e.apihell.components.LoggingAspect     : Counter = 9
2024-05-18T09:49:57.837+03:00  INFO 5283 --- [http-nio-8080-exec-10] c.e.apihell.components.LoggingAspect     : Service method invoked - Class: com.example.apihell.service.implementations.StudentServiceImpl, Method: getAllStudents, Args: []
2024-05-18T10:19:02.465+03:00  INFO 5283 --- [SpringApplicationShutdownHook] .s.m.e.c.DefaultEventPublicationRegistry : No publications outstanding!
2024-05-18T10:19:02.468+03:00  INFO 5283 --- [SpringApplicationShutdownHook] j.LocalContainerEntityManagerFactoryBean : Closing JPA EntityManagerFactory for persistence unit 'default'
2024-05-18T10:19:02.476+03:00  INFO 5283 --- [SpringApplicationShutdownHook] com.zaxxer.hikari.HikariDataSource       : HikariPool-1 - Shutdown initiated...
2024-05-18T10:19:02.480+03:00  INFO 5283 --- [SpringApplicationShutdownHook] com.zaxxer.hikari.HikariDataSource       : HikariPool-1 - Shutdown completed.
2024-05-18T10:22:58.773+03:00  INFO 3600 --- [restartedMain] com.example.apihell.ApiHellApplication   : Starting ApiHellApplication using Java 21.0.2 with PID 3600 (/home/myra/pnajava/target/classes started by myra in /home/myra/pnajava)
2024-05-18T10:22:58.782+03:00  INFO 3600 --- [restartedMain] com.example.apihell.ApiHellApplication   : No active profile set, falling back to 1 default profile: "default"
2024-05-18T10:22:58.857+03:00  INFO 3600 --- [restartedMain] .e.DevToolsPropertyDefaultsPostProcessor : Devtools property defaults active! Set 'spring.devtools.add-properties' to 'false' to disable
2024-05-18T10:22:58.858+03:00  INFO 3600 --- [restartedMain] .e.DevToolsPropertyDefaultsPostProcessor : For additional web related logging consider setting the 'logging.level.web' property to 'DEBUG'
2024-05-18T10:23:01.038+03:00  INFO 3600 --- [restartedMain] .s.d.r.c.RepositoryConfigurationDelegate : Bootstrapping Spring Data JPA repositories in DEFAULT mode.
2024-05-18T10:23:01.194+03:00  INFO 3600 --- [restartedMain] .s.d.r.c.RepositoryConfigurationDelegate : Finished Spring Data repository scanning in 134 ms. Found 6 JPA repository interfaces.
2024-05-18T10:23:01.991+03:00  WARN 3600 --- [restartedMain] trationDelegate$BeanPostProcessorChecker : Bean 'org.springframework.ws.config.annotation.DelegatingWsConfiguration' of type [org.springframework.ws.config.annotation.DelegatingWsConfiguration$$SpringCGLIB$$0] is not eligible for getting processed by all BeanPostProcessors (for example: not eligible for auto-proxying). The currently created BeanPostProcessor [annotationActionEndpointMapping] is declared through a non-static factory method on that class; consider declaring it as static instead.
2024-05-18T10:23:02.123+03:00  WARN 3600 --- [restartedMain] o.s.xml.DocumentBuilderFactoryUtils      : http://javax.xml.XMLConstants/property/accessExternalDTD property not supported by org.apache.xerces.jaxp.DocumentBuilderFactoryImpl
2024-05-18T10:23:02.124+03:00  WARN 3600 --- [restartedMain] o.s.xml.DocumentBuilderFactoryUtils      : http://javax.xml.XMLConstants/property/accessExternalSchema property not supported by org.apache.xerces.jaxp.DocumentBuilderFactoryImpl
2024-05-18T10:23:02.179+03:00  INFO 3600 --- [restartedMain] .w.s.a.s.AnnotationActionEndpointMapping : Supporting [WS-Addressing August 2004, WS-Addressing 1.0]
2024-05-18T10:23:03.483+03:00  INFO 3600 --- [restartedMain] o.s.b.w.embedded.tomcat.TomcatWebServer  : Tomcat initialized with port 8080 (http)
2024-05-18T10:23:03.498+03:00  INFO 3600 --- [restartedMain] o.a.catalina.core.AprLifecycleListener   : An older version [1.2.36] of the Apache Tomcat Native library is installed, while Tomcat recommends a minimum version of [2.0.5]
2024-05-18T10:23:03.499+03:00  INFO 3600 --- [restartedMain] o.a.catalina.core.AprLifecycleListener   : Loaded Apache Tomcat Native library [1.2.36] using APR version [1.7.3].
2024-05-18T10:23:03.510+03:00  INFO 3600 --- [restartedMain] o.a.catalina.core.AprLifecycleListener   : OpenSSL successfully initialized [OpenSSL 3.1.1 30 May 2023]
2024-05-18T10:23:03.545+03:00  INFO 3600 --- [restartedMain] o.apache.catalina.core.StandardService   : Starting service [Tomcat]
2024-05-18T10:23:03.546+03:00  INFO 3600 --- [restartedMain] o.apache.catalina.core.StandardEngine    : Starting Servlet engine: [Apache Tomcat/10.1.18]
2024-05-18T10:23:03.646+03:00  INFO 3600 --- [restartedMain] o.a.c.c.C.[Tomcat].[localhost].[/]       : Initializing Spring embedded WebApplicationContext
2024-05-18T10:23:03.646+03:00  INFO 3600 --- [restartedMain] w.s.c.ServletWebServerApplicationContext : Root WebApplicationContext: initialization completed in 4729 ms
2024-05-18T10:23:04.384+03:00  INFO 3600 --- [restartedMain] o.hibernate.jpa.internal.util.LogHelper  : HHH000204: Processing PersistenceUnitInfo [name: default]
2024-05-18T10:23:04.497+03:00  INFO 3600 --- [restartedMain] org.hibernate.Version                    : HHH000412: Hibernate ORM core version 6.4.1.Final
2024-05-18T10:23:04.573+03:00  INFO 3600 --- [restartedMain] o.h.c.internal.RegionFactoryInitiator    : HHH000026: Second-level cache disabled
2024-05-18T10:23:05.241+03:00  INFO 3600 --- [restartedMain] o.s.o.j.p.SpringPersistenceUnitInfo      : No LoadTimeWeaver setup: ignoring JPA class transformer
2024-05-18T10:23:05.320+03:00  INFO 3600 --- [restartedMain] com.zaxxer.hikari.HikariDataSource       : HikariPool-1 - Starting...
2024-05-18T10:23:05.618+03:00  INFO 3600 --- [restartedMain] com.zaxxer.hikari.pool.HikariPool        : HikariPool-1 - Added connection org.postgresql.jdbc.PgConnection@43ba514c
2024-05-18T10:23:05.620+03:00  INFO 3600 --- [restartedMain] com.zaxxer.hikari.HikariDataSource       : HikariPool-1 - Start completed.
2024-05-18T10:23:07.381+03:00  INFO 3600 --- [restartedMain] o.h.e.t.j.p.i.JtaPlatformInitiator       : HHH000489: No JTA platform available (set 'hibernate.transaction.jta.platform' to enable JTA platform integration)
2024-05-18T10:23:07.608+03:00  INFO 3600 --- [restartedMain] j.LocalContainerEntityManagerFactoryBean : Initialized JPA EntityManagerFactory for persistence unit 'default'
2024-05-18T10:23:08.709+03:00  INFO 3600 --- [restartedMain] o.s.d.j.r.query.QueryEnhancerFactory     : Hibernate is in classpath; If applicable, HQL parser will be used.
2024-05-18T10:23:09.067+03:00  WARN 3600 --- [restartedMain] JpaBaseConfiguration$JpaWebConfiguration : spring.jpa.open-in-view is enabled by default. Therefore, database queries may be performed during view rendering. Explicitly configure spring.jpa.open-in-view to disable this warning
2024-05-18T10:23:10.108+03:00  WARN 3600 --- [restartedMain] o.s.x.transform.TransformerFactoryUtils  : http://javax.xml.XMLConstants/property/accessExternalDTD property not supported by net.sf.saxon.TransformerFactoryImpl
2024-05-18T10:23:10.108+03:00  WARN 3600 --- [restartedMain] o.s.x.transform.TransformerFactoryUtils  : http://javax.xml.XMLConstants/property/accessExternalStylesheet property not supported by net.sf.saxon.TransformerFactoryImpl
2024-05-18T10:23:10.153+03:00  INFO 3600 --- [restartedMain] o.s.b.d.a.OptionalLiveReloadServer       : LiveReload server is running on port 35729
2024-05-18T10:23:10.213+03:00  INFO 3600 --- [restartedMain] o.s.b.w.embedded.tomcat.TomcatWebServer  : Tomcat started on port 8080 (http) with context path ''
2024-05-18T10:23:10.222+03:00  INFO 3600 --- [restartedMain] o.s.s.config.TaskSchedulerRouter         : No TaskScheduler/ScheduledExecutorService bean found for scheduled processing
2024-05-18T10:23:10.226+03:00  INFO 3600 --- [restartedMain] com.example.apihell.ApiHellApplication   : Started ApiHellApplication in 12.675 seconds (process running for 14.487)
2024-05-18T10:36:07.735+03:00  INFO 3600 --- [SpringApplicationShutdownHook] .s.m.e.c.DefaultEventPublicationRegistry : No publications outstanding!
2024-05-18T10:36:07.774+03:00  INFO 3600 --- [SpringApplicationShutdownHook] j.LocalContainerEntityManagerFactoryBean : Closing JPA EntityManagerFactory for persistence unit 'default'
2024-05-18T10:36:07.781+03:00  INFO 3600 --- [SpringApplicationShutdownHook] com.zaxxer.hikari.HikariDataSource       : HikariPool-1 - Shutdown initiated...
2024-05-18T10:36:07.790+03:00  INFO 3600 --- [SpringApplicationShutdownHook] com.zaxxer.hikari.HikariDataSource       : HikariPool-1 - Shutdown completed.
